#
# There is insufficient memory for the Java Runtime Environment to continue.
# Native memory allocation (malloc) failed to allocate 2075232 bytes for Chunk::new
# Possible reasons:
#   The system is out of physical RAM or swap space
#   The process is running with CompressedOops enabled, and the Java Heap may be blocking the growth of the native heap
# Possible solutions:
#   Reduce memory load on the system
#   Increase physical memory or swap space
#   Check if swap backing store is full
#   Decrease Java heap size (-Xmx/-Xms)
#   Decrease number of Java threads
#   Decrease Java thread stack sizes (-Xss)
#   Set larger code cache with -XX:ReservedCodeCacheSize=
#   JVM is running with Unscaled Compressed Oops mode in which the Java heap is
#     placed in the first 4GB address space. The Java Heap base address is the
#     maximum limit for the native heap growth. Please use -XX:HeapBaseMinAddress
#     to set the Java Heap base and to place the Java Heap above 4GB virtual address.
# This output file may be truncated or incomplete.
#
#  Out of Memory Error (arena.cpp:168), pid=17332, tid=15760
#
# JRE version: Java(TM) SE Runtime Environment (21.0.7+8) (build 21.0.7+8-LTS-245)
# Java VM: Java HotSpot(TM) 64-Bit Server VM (21.0.7+8-LTS-245, mixed mode, sharing, tiered, compressed oops, compressed class ptrs, g1 gc, windows-amd64)
# No core dump will be written. Minidumps are not enabled by default on client versions of Windows
#

---------------  S U M M A R Y ------------

Command Line: --add-opens=java.base/java.lang=ALL-UNNAMED --add-opens=java.base/java.lang.invoke=ALL-UNNAMED --add-opens=java.base/java.util=ALL-UNNAMED --add-opens=java.prefs/java.util.prefs=ALL-UNNAMED --add-exports=jdk.compiler/com.sun.tools.javac.api=ALL-UNNAMED --add-exports=jdk.compiler/com.sun.tools.javac.util=ALL-UNNAMED --add-opens=java.base/java.util=ALL-UNNAMED --add-opens=java.prefs/java.util.prefs=ALL-UNNAMED --add-opens=java.base/java.nio.charset=ALL-UNNAMED --add-opens=java.base/java.net=ALL-UNNAMED --add-opens=java.base/java.util.concurrent.atomic=ALL-UNNAMED --add-opens=java.xml/javax.xml.namespace=ALL-UNNAMED -XX:MaxMetaspaceSize=384m -XX:+HeapDumpOnOutOfMemoryError -Xms256m -Xmx512m -Dfile.encoding=windows-1252 -Duser.country=IN -Duser.language=en -Duser.variant -javaagent:C:\Users\imamn\.gradle\wrapper\dists\gradle-8.14.3-bin\cv11ve7ro1n3o1j4so8xd9n66\gradle-8.14.3\lib\agents\gradle-instrumentation-agent-8.14.3.jar org.gradle.launcher.daemon.bootstrap.GradleDaemon 8.14.3

Host: 11th Gen Intel(R) Core(TM) i3-1115G4 @ 3.00GHz, 4 cores, 7G,  Windows 11 , 64 bit Build 22621 (10.0.22621.5415)
Time: Wed Apr 29 03:59:25 2026 India Standard Time elapsed time: 45.411177 seconds (0d 0h 0m 45s)

---------------  T H R E A D  ---------------

Current thread (0x0000023ffc3af6d0):  JavaThread "C2 CompilerThread0" daemon [_thread_in_native, id=15760, stack(0x0000007499800000,0x0000007499900000) (1024K)]


Current CompileTask:
C2:  45411 11485       4       java.beans.Introspector::addMethod (196 bytes)

Stack: [0x0000007499800000,0x0000007499900000]
Native frames: (J=compiled Java code, j=interpreted, Vv=VM code, C=native code)
V  [jvm.dll+0x6cae19]
V  [jvm.dll+0x855741]
V  [jvm.dll+0x857c6e]
V  [jvm.dll+0x858343]
V  [jvm.dll+0x27e0b6]
V  [jvm.dll+0xc4ecd]
V  [jvm.dll+0xc5403]
V  [jvm.dll+0x3b578c]
V  [jvm.dll+0x1dfa19]
V  [jvm.dll+0x246c82]
V  [jvm.dll+0x24610f]
V  [jvm.dll+0x1c6efe]
V  [jvm.dll+0x255819]
V  [jvm.dll+0x253daa]
V  [jvm.dll+0x3eebb6]
V  [jvm.dll+0x7ffa1b]
V  [jvm.dll+0x6c94fd]
C  [ucrtbase.dll+0x29333]
C  [KERNEL32.DLL+0x1259d]
C  [ntdll.dll+0x5af78]


---------------  P R O C E S S  ---------------

Threads class SMR info:
_java_thread_list=0x0000023fb4ce3e10, length=98, elements={
0x0000023ff7294900, 0x0000023ffc3a4110, 0x0000023ffc3a6030, 0x0000023ffc3a8680,
0x0000023ffc3aa500, 0x0000023ffc3adbf0, 0x0000023ffc3ae860, 0x0000023ffc3af6d0,
0x0000023ffc3b2520, 0x0000023f975a8a70, 0x0000023f977783a0, 0x0000023fb22db830,
0x0000023fb244f3c0, 0x0000023fb20a0c10, 0x0000023fb216c040, 0x0000023fb2180730,
0x0000023fb24e4ba0, 0x0000023fb2513980, 0x0000023fb2527ad0, 0x0000023fb253e440,
0x0000023fb253ead0, 0x0000023fb253d090, 0x0000023fb2540510, 0x0000023fb253ddb0,
0x0000023fb253d720, 0x0000023fb253fe80, 0x0000023fb253f160, 0x0000023fb253f7f0,
0x0000023fb352f4b0, 0x0000023fb35301d0, 0x0000023fb352ee20, 0x0000023fb35322a0,
0x0000023fb352fb40, 0x0000023fb352b9a0, 0x0000023fb3531580, 0x0000023fb3531c10,
0x0000023fb3530860, 0x0000023fb352e790, 0x0000023fb352c030, 0x0000023fb352c6c0,
0x0000023fb352d3e0, 0x0000023fb352da70, 0x0000023fb31fc140, 0x0000023fb31fa070,
0x0000023fb31fc7d0, 0x0000023fb31fbab0, 0x0000023fb31fce60, 0x0000023fb31fd4f0,
0x0000023fb33f1020, 0x0000023fb33f1d40, 0x0000023fb33efc70, 0x0000023fb33f0300,
0x0000023fb33f16b0, 0x0000023fb33f0990, 0x0000023fb33f23d0, 0x0000023fb33f2a60,
0x0000023fb33f30f0, 0x0000023fb3291380, 0x0000023fb3294170, 0x0000023fb328ffd0,
0x0000023fb3293450, 0x0000023fb3293ae0, 0x0000023fb3295bb0, 0x0000023fb3292730,
0x0000023fb3294800, 0x0000023fb3296f60, 0x0000023fb32968d0, 0x0000023fb3294e90,
0x0000023fb3291a10, 0x0000023fb3290660, 0x0000023fb3296240, 0x0000023fb3295520,
0x0000023fb32975f0, 0x0000023fb32920a0, 0x0000023fb3290cf0, 0x0000023fb3292dc0,
0x0000023fb329ef70, 0x0000023fb329e8e0, 0x0000023fb3297fe0, 0x0000023fb329add0,
0x0000023fb3299390, 0x0000023fb329b460, 0x0000023fb329c180, 0x0000023fb329a740,
0x0000023fb329f600, 0x0000023fb329d530, 0x0000023fb329c810, 0x0000023fb3298d00,
0x0000023fb3298670, 0x0000023fb329cea0, 0x0000023fb3299a20, 0x0000023fb329dbc0,
0x0000023fb329a0b0, 0x0000023fb4410f80, 0x0000023fb44136e0, 0x0000023fb44185a0,
0x0000023fb4414400, 0x0000023fb44157b0
}

Java Threads: ( => current thread )
  0x0000023ff7294900 JavaThread "main"                              [_thread_blocked, id=7300, stack(0x0000007498a00000,0x0000007498b00000) (1024K)]
  0x0000023ffc3a4110 JavaThread "Reference Handler"          daemon [_thread_blocked, id=25024, stack(0x0000007499200000,0x0000007499300000) (1024K)]
  0x0000023ffc3a6030 JavaThread "Finalizer"                  daemon [_thread_blocked, id=24308, stack(0x0000007499300000,0x0000007499400000) (1024K)]
  0x0000023ffc3a8680 JavaThread "Signal Dispatcher"          daemon [_thread_blocked, id=6100, stack(0x0000007499400000,0x0000007499500000) (1024K)]
  0x0000023ffc3aa500 JavaThread "Attach Listener"            daemon [_thread_blocked, id=19440, stack(0x0000007499500000,0x0000007499600000) (1024K)]
  0x0000023ffc3adbf0 JavaThread "Service Thread"             daemon [_thread_blocked, id=17652, stack(0x0000007499600000,0x0000007499700000) (1024K)]
  0x0000023ffc3ae860 JavaThread "Monitor Deflation Thread"   daemon [_thread_blocked, id=25652, stack(0x0000007499700000,0x0000007499800000) (1024K)]
=>0x0000023ffc3af6d0 JavaThread "C2 CompilerThread0"         daemon [_thread_in_native, id=15760, stack(0x0000007499800000,0x0000007499900000) (1024K)]
  0x0000023ffc3b2520 JavaThread "C1 CompilerThread0"         daemon [_thread_blocked, id=16268, stack(0x0000007499900000,0x0000007499a00000) (1024K)]
  0x0000023f975a8a70 JavaThread "Common-Cleaner"             daemon [_thread_blocked, id=24736, stack(0x0000007499a00000,0x0000007499b00000) (1024K)]
  0x0000023f977783a0 JavaThread "Notification Thread"        daemon [_thread_blocked, id=9400, stack(0x0000007499b00000,0x0000007499c00000) (1024K)]
  0x0000023fb22db830 JavaThread "Daemon health stats"               [_thread_blocked, id=20076, stack(0x0000007499f00000,0x000000749a000000) (1024K)]
  0x0000023fb244f3c0 JavaThread "Incoming local TCP Connector on port 65251"        [_thread_in_native, id=16524, stack(0x000000749a000000,0x000000749a100000) (1024K)]
  0x0000023fb20a0c10 JavaThread "Daemon periodic checks"            [_thread_blocked, id=4932, stack(0x000000749a100000,0x000000749a200000) (1024K)]
  0x0000023fb216c040 JavaThread "Daemon"                            [_thread_blocked, id=25636, stack(0x000000749a200000,0x000000749a300000) (1024K)]
  0x0000023fb2180730 JavaThread "Handler for socket connection from /127.0.0.1:65251 to /127.0.0.1:65252"        [_thread_in_native, id=24692, stack(0x000000749a300000,0x000000749a400000) (1024K)]
  0x0000023fb24e4ba0 JavaThread "Cancel handler"                    [_thread_blocked, id=25944, stack(0x000000749a400000,0x000000749a500000) (1024K)]
  0x0000023fb2513980 JavaThread "Daemon worker"                     [_thread_in_Java, id=15660, stack(0x000000749a500000,0x000000749a600000) (1024K)]
  0x0000023fb2527ad0 JavaThread "Asynchronous log dispatcher for DefaultDaemonConnection: socket connection from /127.0.0.1:65251 to /127.0.0.1:65252"        [_thread_blocked, id=23712, stack(0x000000749a600000,0x000000749a700000) (1024K)]
  0x0000023fb253e440 JavaThread "Stdin handler"                     [_thread_blocked, id=14976, stack(0x000000749a700000,0x000000749a800000) (1024K)]
  0x0000023fb253ead0 JavaThread "Daemon client event forwarder"        [_thread_blocked, id=25068, stack(0x000000749a800000,0x000000749a900000) (1024K)]
  0x0000023fb253d090 JavaThread "Cache worker for journal cache (C:\Users\imamn\.gradle\caches\journal-1)"        [_thread_blocked, id=1116, stack(0x000000749a900000,0x000000749aa00000) (1024K)]
  0x0000023fb2540510 JavaThread "File lock request listener"        [_thread_in_native, id=22148, stack(0x000000749aa00000,0x000000749ab00000) (1024K)]
  0x0000023fb253ddb0 JavaThread "Cache worker for file hash cache (C:\Users\imamn\.gradle\caches\8.14.3\fileHashes)"        [_thread_blocked, id=26564, stack(0x000000749ab00000,0x000000749ac00000) (1024K)]
  0x0000023fb253d720 JavaThread "Cache worker for file hash cache (D:\patientManagement\.gradle\8.14.3\fileHashes)"        [_thread_blocked, id=16664, stack(0x000000749ad00000,0x000000749ae00000) (1024K)]
  0x0000023fb253fe80 JavaThread "Cache worker for Build Output Cleanup Cache (D:\patientManagement\.gradle\buildOutputCleanup)"        [_thread_blocked, id=7720, stack(0x000000749ae00000,0x000000749af00000) (1024K)]
  0x0000023fb253f160 JavaThread "File watcher server"        daemon [_thread_in_native, id=26416, stack(0x000000749af00000,0x000000749b000000) (1024K)]
  0x0000023fb253f7f0 JavaThread "File watcher consumer"      daemon [_thread_blocked, id=26476, stack(0x000000749b000000,0x000000749b100000) (1024K)]
  0x0000023fb352f4b0 JavaThread "jar transforms"                    [_thread_blocked, id=26088, stack(0x000000749b100000,0x000000749b200000) (1024K)]
  0x0000023fb35301d0 JavaThread "jar transforms Thread 2"           [_thread_blocked, id=12448, stack(0x000000749b200000,0x000000749b300000) (1024K)]
  0x0000023fb352ee20 JavaThread "Cache worker for checksums cache (D:\patientManagement\.gradle\8.14.3\checksums)"        [_thread_blocked, id=18044, stack(0x000000749b300000,0x000000749b400000) (1024K)]
  0x0000023fb35322a0 JavaThread "Cache worker for file content cache (C:\Users\imamn\.gradle\caches\8.14.3\fileContent)"        [_thread_blocked, id=26104, stack(0x000000749b400000,0x000000749b500000) (1024K)]
  0x0000023fb352fb40 JavaThread "jar transforms Thread 3"           [_thread_blocked, id=24236, stack(0x000000749b500000,0x000000749b600000) (1024K)]
  0x0000023fb352b9a0 JavaThread "jar transforms Thread 4"           [_thread_blocked, id=19844, stack(0x000000749b600000,0x000000749b700000) (1024K)]
  0x0000023fb3531580 JavaThread "Cache worker for cache directory md-supplier (C:\Users\imamn\.gradle\caches\8.14.3\md-supplier)"        [_thread_blocked, id=21832, stack(0x000000749b700000,0x000000749b800000) (1024K)]
  0x0000023fb3531c10 JavaThread "Cache worker for cache directory md-rule (C:\Users\imamn\.gradle\caches\8.14.3\md-rule)"        [_thread_blocked, id=23020, stack(0x000000749b800000,0x000000749b900000) (1024K)]
  0x0000023fb3530860 JavaThread "Unconstrained build operations"        [_thread_blocked, id=19208, stack(0x000000749ac00000,0x000000749ad00000) (1024K)]
  0x0000023fb352e790 JavaThread "Unconstrained build operations Thread 2"        [_thread_blocked, id=21240, stack(0x000000749b900000,0x000000749ba00000) (1024K)]
  0x0000023fb352c030 JavaThread "Unconstrained build operations Thread 3"        [_thread_blocked, id=10760, stack(0x000000749ba00000,0x000000749bb00000) (1024K)]
  0x0000023fb352c6c0 JavaThread "Unconstrained build operations Thread 4"        [_thread_blocked, id=15072, stack(0x000000749bb00000,0x000000749bc00000) (1024K)]
  0x0000023fb352d3e0 JavaThread "Unconstrained build operations Thread 5"        [_thread_blocked, id=11104, stack(0x000000749bc00000,0x000000749bd00000) (1024K)]
  0x0000023fb352da70 JavaThread "Unconstrained build operations Thread 6"        [_thread_blocked, id=23728, stack(0x000000749bd00000,0x000000749be00000) (1024K)]
  0x0000023fb31fc140 JavaThread "Unconstrained build operations Thread 7"        [_thread_blocked, id=17260, stack(0x000000749be00000,0x000000749bf00000) (1024K)]
  0x0000023fb31fa070 JavaThread "Unconstrained build operations Thread 8"        [_thread_blocked, id=26108, stack(0x000000749bf00000,0x000000749c000000) (1024K)]
  0x0000023fb31fc7d0 JavaThread "Unconstrained build operations Thread 9"        [_thread_blocked, id=9648, stack(0x000000749c000000,0x000000749c100000) (1024K)]
  0x0000023fb31fbab0 JavaThread "Memory manager"                    [_thread_blocked, id=4384, stack(0x000000749c100000,0x000000749c200000) (1024K)]
  0x0000023fb31fce60 JavaThread "Problems report writer"            [_thread_blocked, id=15684, stack(0x000000749c200000,0x000000749c300000) (1024K)]
  0x0000023fb31fd4f0 JavaThread "Unconstrained build operations Thread 10"        [_thread_blocked, id=21496, stack(0x000000749c300000,0x000000749c400000) (1024K)]
  0x0000023fb33f1020 JavaThread "Unconstrained build operations Thread 11"        [_thread_blocked, id=22568, stack(0x000000749c400000,0x000000749c500000) (1024K)]
  0x0000023fb33f1d40 JavaThread "Unconstrained build operations Thread 12"        [_thread_blocked, id=26148, stack(0x000000749c500000,0x000000749c600000) (1024K)]
  0x0000023fb33efc70 JavaThread "Unconstrained build operations Thread 13"        [_thread_blocked, id=24076, stack(0x000000749c600000,0x000000749c700000) (1024K)]
  0x0000023fb33f0300 JavaThread "Unconstrained build operations Thread 14"        [_thread_blocked, id=12640, stack(0x000000749c700000,0x000000749c800000) (1024K)]
  0x0000023fb33f16b0 JavaThread "Unconstrained build operations Thread 15"        [_thread_blocked, id=23272, stack(0x000000749c800000,0x000000749c900000) (1024K)]
  0x0000023fb33f0990 JavaThread "Unconstrained build operations Thread 16"        [_thread_blocked, id=17848, stack(0x000000749c900000,0x000000749ca00000) (1024K)]
  0x0000023fb33f23d0 JavaThread "Unconstrained build operations Thread 17"        [_thread_blocked, id=21560, stack(0x000000749ca00000,0x000000749cb00000) (1024K)]
  0x0000023fb33f2a60 JavaThread "Unconstrained build operations Thread 18"        [_thread_blocked, id=8020, stack(0x000000749cb00000,0x000000749cc00000) (1024K)]
  0x0000023fb33f30f0 JavaThread "Unconstrained build operations Thread 19"        [_thread_blocked, id=18264, stack(0x000000749cc00000,0x000000749cd00000) (1024K)]
  0x0000023fb3291380 JavaThread "Unconstrained build operations Thread 20"        [_thread_blocked, id=8504, stack(0x000000749cd00000,0x000000749ce00000) (1024K)]
  0x0000023fb3294170 JavaThread "Unconstrained build operations Thread 21"        [_thread_blocked, id=9068, stack(0x000000749ce00000,0x000000749cf00000) (1024K)]
  0x0000023fb328ffd0 JavaThread "Unconstrained build operations Thread 22"        [_thread_blocked, id=25104, stack(0x000000749cf00000,0x000000749d000000) (1024K)]
  0x0000023fb3293450 JavaThread "Unconstrained build operations Thread 23"        [_thread_blocked, id=15596, stack(0x000000749d000000,0x000000749d100000) (1024K)]
  0x0000023fb3293ae0 JavaThread "Unconstrained build operations Thread 24"        [_thread_blocked, id=17208, stack(0x000000749d100000,0x000000749d200000) (1024K)]
  0x0000023fb3295bb0 JavaThread "Unconstrained build operations Thread 25"        [_thread_blocked, id=660, stack(0x000000749d200000,0x000000749d300000) (1024K)]
  0x0000023fb3292730 JavaThread "Unconstrained build operations Thread 26"        [_thread_blocked, id=18512, stack(0x000000749d300000,0x000000749d400000) (1024K)]
  0x0000023fb3294800 JavaThread "Unconstrained build operations Thread 27"        [_thread_blocked, id=12444, stack(0x000000749d400000,0x000000749d500000) (1024K)]
  0x0000023fb3296f60 JavaThread "Unconstrained build operations Thread 28"        [_thread_blocked, id=20524, stack(0x000000749d500000,0x000000749d600000) (1024K)]
  0x0000023fb32968d0 JavaThread "Unconstrained build operations Thread 29"        [_thread_blocked, id=12752, stack(0x000000749d600000,0x000000749d700000) (1024K)]
  0x0000023fb3294e90 JavaThread "Unconstrained build operations Thread 30"        [_thread_blocked, id=13576, stack(0x000000749d700000,0x000000749d800000) (1024K)]
  0x0000023fb3291a10 JavaThread "Unconstrained build operations Thread 31"        [_thread_blocked, id=17632, stack(0x000000749d800000,0x000000749d900000) (1024K)]
  0x0000023fb3290660 JavaThread "Unconstrained build operations Thread 32"        [_thread_blocked, id=11328, stack(0x000000749d900000,0x000000749da00000) (1024K)]
  0x0000023fb3296240 JavaThread "Unconstrained build operations Thread 33"        [_thread_blocked, id=25256, stack(0x000000749da00000,0x000000749db00000) (1024K)]
  0x0000023fb3295520 JavaThread "Unconstrained build operations Thread 34"        [_thread_blocked, id=19864, stack(0x000000749db00000,0x000000749dc00000) (1024K)]
  0x0000023fb32975f0 JavaThread "Unconstrained build operations Thread 35"        [_thread_blocked, id=17880, stack(0x000000749dc00000,0x000000749dd00000) (1024K)]
  0x0000023fb32920a0 JavaThread "Unconstrained build operations Thread 36"        [_thread_blocked, id=21540, stack(0x000000749dd00000,0x000000749de00000) (1024K)]
  0x0000023fb3290cf0 JavaThread "Unconstrained build operations Thread 37"        [_thread_blocked, id=23108, stack(0x000000749de00000,0x000000749df00000) (1024K)]
  0x0000023fb3292dc0 JavaThread "Unconstrained build operations Thread 38"        [_thread_blocked, id=3376, stack(0x000000749df00000,0x000000749e000000) (1024K)]
  0x0000023fb329ef70 JavaThread "Unconstrained build operations Thread 39"        [_thread_blocked, id=12480, stack(0x000000749e000000,0x000000749e100000) (1024K)]
  0x0000023fb329e8e0 JavaThread "Unconstrained build operations Thread 40"        [_thread_blocked, id=1868, stack(0x000000749e100000,0x000000749e200000) (1024K)]
  0x0000023fb3297fe0 JavaThread "ForkJoinPool.commonPool-worker-1" daemon [_thread_blocked, id=22764, stack(0x0000007498900000,0x0000007498a00000) (1024K)]
  0x0000023fb329add0 JavaThread "ForkJoinPool.commonPool-worker-2" daemon [_thread_blocked, id=16508, stack(0x000000749e200000,0x000000749e300000) (1024K)]
  0x0000023fb3299390 JavaThread "ForkJoinPool.commonPool-worker-3" daemon [_thread_blocked, id=6584, stack(0x000000749e300000,0x000000749e400000) (1024K)]
  0x0000023fb329b460 JavaThread "Exec process"                      [_thread_blocked, id=26136, stack(0x000000749e400000,0x000000749e500000) (1024K)]
  0x0000023fb329c180 JavaThread "Exec process Thread 2"             [_thread_blocked, id=4488, stack(0x000000749e500000,0x000000749e600000) (1024K)]
  0x0000023fb329a740 JavaThread "Exec process Thread 3"             [_thread_blocked, id=26268, stack(0x000000749e600000,0x000000749e700000) (1024K)]
  0x0000023fb329f600 JavaThread "included builds"                   [_thread_blocked, id=11620, stack(0x000000749e700000,0x000000749e800000) (1024K)]
  0x0000023fb329d530 JavaThread "Execution worker"                  [_thread_blocked, id=24264, stack(0x000000749e800000,0x000000749e900000) (1024K)]
  0x0000023fb329c810 JavaThread "Execution worker Thread 2"         [_thread_blocked, id=14144, stack(0x000000749e900000,0x000000749ea00000) (1024K)]
  0x0000023fb3298d00 JavaThread "Execution worker Thread 3"         [_thread_blocked, id=2772, stack(0x000000749ea00000,0x000000749eb00000) (1024K)]
  0x0000023fb3298670 JavaThread "Cache worker for execution history cache (D:\patientManagement\.gradle\8.14.3\executionHistory)"        [_thread_blocked, id=15036, stack(0x000000749eb00000,0x000000749ec00000) (1024K)]
  0x0000023fb329cea0 JavaThread "Cache worker for Java compile cache (C:\Users\imamn\.gradle\caches\8.14.3\javaCompile)"        [_thread_blocked, id=20908, stack(0x000000749ec00000,0x000000749ed00000) (1024K)]
  0x0000023fb3299a20 JavaThread "Build operations"                  [_thread_blocked, id=25400, stack(0x000000749ed00000,0x000000749ee00000) (1024K)]
  0x0000023fb329dbc0 JavaThread "Build operations Thread 2"         [_thread_blocked, id=796, stack(0x000000749ee00000,0x000000749ef00000) (1024K)]
  0x0000023fb329a0b0 JavaThread "Build operations Thread 3"         [_thread_blocked, id=25704, stack(0x000000749ef00000,0x000000749f000000) (1024K)]
  0x0000023fb4410f80 JavaThread "Exec process"                      [_thread_blocked, id=9180, stack(0x000000749f000000,0x000000749f100000) (1024K)]
  0x0000023fb44136e0 JavaThread "DisconnectableInputStream source reader" daemon [_thread_blocked, id=18280, stack(0x000000749f100000,0x000000749f200000) (1024K)]
  0x0000023fb44185a0 JavaThread "Exec process Thread 2"             [_thread_blocked, id=12900, stack(0x000000749f200000,0x000000749f300000) (1024K)]
  0x0000023fb4414400 JavaThread "Exec process Thread 3"             [_thread_blocked, id=14228, stack(0x000000749f300000,0x000000749f400000) (1024K)]
  0x0000023fb44157b0 JavaThread "Exec process Thread 4"             [_thread_blocked, id=4388, stack(0x000000749f400000,0x000000749f500000) (1024K)]
Total: 98

Other Threads:
  0x0000023ffc38d350 VMThread "VM Thread"                           [id=21564, stack(0x0000007499100000,0x0000007499200000) (1024K)]
  0x0000023ffc37d1e0 WatcherThread "VM Periodic Task Thread"        [id=5172, stack(0x0000007499000000,0x0000007499100000) (1024K)]
  0x0000023ff93f6180 WorkerThread "GC Thread#0"                     [id=23064, stack(0x0000007498b00000,0x0000007498c00000) (1024K)]
  0x0000023f977a0910 WorkerThread "GC Thread#1"                     [id=17224, stack(0x0000007499c00000,0x0000007499d00000) (1024K)]
  0x0000023f977a0cb0 WorkerThread "GC Thread#2"                     [id=16776, stack(0x0000007499d00000,0x0000007499e00000) (1024K)]
  0x0000023f977a1050 WorkerThread "GC Thread#3"                     [id=24332, stack(0x0000007499e00000,0x0000007499f00000) (1024K)]
  0x0000023ff93fb160 ConcurrentGCThread "G1 Main Marker"            [id=7888, stack(0x0000007498c00000,0x0000007498d00000) (1024K)]
  0x0000023ff93fbe10 WorkerThread "G1 Conc#0"                       [id=24044, stack(0x0000007498d00000,0x0000007498e00000) (1024K)]
  0x0000023ff948ea70 ConcurrentGCThread "G1 Refine#0"               [id=19664, stack(0x0000007498e00000,0x0000007498f00000) (1024K)]
  0x0000023ffc24e9a0 ConcurrentGCThread "G1 Service"                [id=10368, stack(0x0000007498f00000,0x0000007499000000) (1024K)]
Total: 10

Threads with active compile tasks:
C2 CompilerThread0    45505 11485       4       java.beans.Introspector::addMethod (196 bytes)
Total: 1

VM state: not at safepoint (normal execution)

VM Mutex/Monitor currently owned by a thread: None

Heap address: 0x00000000e0000000, size: 512 MB, Compressed Oops mode: 32-bit

CDS archive(s) mapped at: [0x0000023f98000000-0x0000023f98c90000-0x0000023f98c90000), size 13172736, SharedBaseAddress: 0x0000023f98000000, ArchiveRelocationMode: 1.
Compressed class space mapped at: 0x0000023f99000000-0x0000023fad000000, reserved size: 335544320
Narrow klass base: 0x0000023f98000000, Narrow klass shift: 0, Narrow klass range: 0x100000000

GC Precious Log:
 CardTable entry size: 512
 Card Set container configuration: InlinePtr #cards 5 size 8 Array Of Cards #cards 12 size 40 Howl #buckets 4 coarsen threshold 1843 Howl Bitmap #cards 512 size 80 coarsen threshold 460 Card regions per heap region 1 cards per card region 2048
 CPUs: 4 total, 4 available
 Memory: 7932M
 Large Page Support: Disabled
 NUMA Support: Disabled
 Compressed Oops: Enabled (32-bit)
 Heap Region Size: 1M
 Heap Min Capacity: 256M
 Heap Initial Capacity: 256M
 Heap Max Capacity: 512M
 Pre-touch: Disabled
 Parallel Workers: 4
 Concurrent Workers: 1
 Concurrent Refinement Workers: 4
 Periodic GC: Disabled

Heap:
 garbage-first heap   total 262144K, used 85857K [0x00000000e0000000, 0x0000000100000000)
  region size 1024K, 32 young (32768K), 20 survivors (20480K)
 Metaspace       used 74955K, committed 77120K, reserved 458752K
  class space    used 10319K, committed 11392K, reserved 327680K

Heap Regions: E=young(eden), S=young(survivor), O=old, HS=humongous(starts), HC=humongous(continues), CS=collection set, F=free, TAMS=top-at-mark-start, PB=parsable bottom
|   0|0x00000000e0000000, 0x00000000e0100000, 0x00000000e0100000|100%|HS|  |TAMS 0x00000000e0000000| PB 0x00000000e0000000| Complete 
|   1|0x00000000e0100000, 0x00000000e0200000, 0x00000000e0200000|100%|HC|  |TAMS 0x00000000e0100000| PB 0x00000000e0100000| Complete 
|   2|0x00000000e0200000, 0x00000000e0300000, 0x00000000e0300000|100%|HC|  |TAMS 0x00000000e0200000| PB 0x00000000e0200000| Complete 
|   3|0x00000000e0300000, 0x00000000e0400000, 0x00000000e0400000|100%| O|  |TAMS 0x00000000e0300000| PB 0x00000000e0300000| Untracked 
|   4|0x00000000e0400000, 0x00000000e0500000, 0x00000000e0500000|100%| O|  |TAMS 0x00000000e0400000| PB 0x00000000e0400000| Untracked 
|   5|0x00000000e0500000, 0x00000000e0600000, 0x00000000e0600000|100%| O|  |TAMS 0x00000000e0500000| PB 0x00000000e0500000| Untracked 
|   6|0x00000000e0600000, 0x00000000e0700000, 0x00000000e0700000|100%| O|  |TAMS 0x00000000e0600000| PB 0x00000000e0600000| Untracked 
|   7|0x00000000e0700000, 0x00000000e0800000, 0x00000000e0800000|100%|HS|  |TAMS 0x00000000e0700000| PB 0x00000000e0700000| Complete 
|   8|0x00000000e0800000, 0x00000000e0900000, 0x00000000e0900000|100%| O|  |TAMS 0x00000000e0800000| PB 0x00000000e0800000| Untracked 
|   9|0x00000000e0900000, 0x00000000e0a00000, 0x00000000e0a00000|100%| O|  |TAMS 0x00000000e0900000| PB 0x00000000e0900000| Untracked 
|  10|0x00000000e0a00000, 0x00000000e0b00000, 0x00000000e0b00000|100%| O|  |TAMS 0x00000000e0a00000| PB 0x00000000e0a00000| Untracked 
|  11|0x00000000e0b00000, 0x00000000e0c00000, 0x00000000e0c00000|100%| O|  |TAMS 0x00000000e0b00000| PB 0x00000000e0b00000| Untracked 
|  12|0x00000000e0c00000, 0x00000000e0d00000, 0x00000000e0d00000|100%| O|  |TAMS 0x00000000e0c00000| PB 0x00000000e0c00000| Untracked 
|  13|0x00000000e0d00000, 0x00000000e0e00000, 0x00000000e0e00000|100%| O|  |TAMS 0x00000000e0d00000| PB 0x00000000e0d00000| Untracked 
|  14|0x00000000e0e00000, 0x00000000e0f00000, 0x00000000e0f00000|100%| O|  |TAMS 0x00000000e0e00000| PB 0x00000000e0e00000| Untracked 
|  15|0x00000000e0f00000, 0x00000000e1000000, 0x00000000e1000000|100%| O|  |TAMS 0x00000000e0f00000| PB 0x00000000e0f00000| Untracked 
|  16|0x00000000e1000000, 0x00000000e1100000, 0x00000000e1100000|100%| O|  |TAMS 0x00000000e1000000| PB 0x00000000e1000000| Untracked 
|  17|0x00000000e1100000, 0x00000000e1200000, 0x00000000e1200000|100%| O|  |TAMS 0x00000000e1100000| PB 0x00000000e1100000| Untracked 
|  18|0x00000000e1200000, 0x00000000e1300000, 0x00000000e1300000|100%| O|  |TAMS 0x00000000e1200000| PB 0x00000000e1200000| Untracked 
|  19|0x00000000e1300000, 0x00000000e1400000, 0x00000000e1400000|100%| O|  |TAMS 0x00000000e1300000| PB 0x00000000e1300000| Untracked 
|  20|0x00000000e1400000, 0x00000000e1500000, 0x00000000e1500000|100%| O|  |TAMS 0x00000000e1400000| PB 0x00000000e1400000| Untracked 
|  21|0x00000000e1500000, 0x00000000e1600000, 0x00000000e1600000|100%| O|  |TAMS 0x00000000e1500000| PB 0x00000000e1500000| Untracked 
|  22|0x00000000e1600000, 0x00000000e1700000, 0x00000000e1700000|100%| O|  |TAMS 0x00000000e1600000| PB 0x00000000e1600000| Untracked 
|  23|0x00000000e1700000, 0x00000000e1800000, 0x00000000e1800000|100%| O|  |TAMS 0x00000000e1700000| PB 0x00000000e1700000| Untracked 
|  24|0x00000000e1800000, 0x00000000e1900000, 0x00000000e1900000|100%| O|  |TAMS 0x00000000e1800000| PB 0x00000000e1800000| Untracked 
|  25|0x00000000e1900000, 0x00000000e1a00000, 0x00000000e1a00000|100%| O|  |TAMS 0x00000000e1900000| PB 0x00000000e1900000| Untracked 
|  26|0x00000000e1a00000, 0x00000000e1b00000, 0x00000000e1b00000|100%| O|  |TAMS 0x00000000e1a00000| PB 0x00000000e1a00000| Untracked 
|  27|0x00000000e1b00000, 0x00000000e1c00000, 0x00000000e1c00000|100%| O|  |TAMS 0x00000000e1b00000| PB 0x00000000e1b00000| Untracked 
|  28|0x00000000e1c00000, 0x00000000e1d00000, 0x00000000e1d00000|100%| O|  |TAMS 0x00000000e1c00000| PB 0x00000000e1c00000| Untracked 
|  29|0x00000000e1d00000, 0x00000000e1e00000, 0x00000000e1e00000|100%| O|  |TAMS 0x00000000e1d00000| PB 0x00000000e1d00000| Untracked 
|  30|0x00000000e1e00000, 0x00000000e1f00000, 0x00000000e1f00000|100%| O|  |TAMS 0x00000000e1e00000| PB 0x00000000e1e00000| Untracked 
|  31|0x00000000e1f00000, 0x00000000e1f00000, 0x00000000e2000000|  0%| F|  |TAMS 0x00000000e1f00000| PB 0x00000000e1f00000| Untracked 
|  32|0x00000000e2000000, 0x00000000e2100000, 0x00000000e2100000|100%| O|  |TAMS 0x00000000e2000000| PB 0x00000000e2000000| Untracked 
|  33|0x00000000e2100000, 0x00000000e2200000, 0x00000000e2200000|100%| O|  |TAMS 0x00000000e2100000| PB 0x00000000e2100000| Untracked 
|  34|0x00000000e2200000, 0x00000000e2300000, 0x00000000e2300000|100%| O|  |TAMS 0x00000000e2200000| PB 0x00000000e2200000| Untracked 
|  35|0x00000000e2300000, 0x00000000e2400000, 0x00000000e2400000|100%| O|  |TAMS 0x00000000e2300000| PB 0x00000000e2300000| Untracked 
|  36|0x00000000e2400000, 0x00000000e2500000, 0x00000000e2500000|100%| O|  |TAMS 0x00000000e2400000| PB 0x00000000e2400000| Untracked 
|  37|0x00000000e2500000, 0x00000000e2600000, 0x00000000e2600000|100%| O|  |TAMS 0x00000000e2500000| PB 0x00000000e2500000| Untracked 
|  38|0x00000000e2600000, 0x00000000e2700000, 0x00000000e2700000|100%| O|  |TAMS 0x00000000e2600000| PB 0x00000000e2600000| Untracked 
|  39|0x00000000e2700000, 0x00000000e2800000, 0x00000000e2800000|100%| O|  |TAMS 0x00000000e2700000| PB 0x00000000e2700000| Untracked 
|  40|0x00000000e2800000, 0x00000000e2900000, 0x00000000e2900000|100%| O|  |TAMS 0x00000000e2800000| PB 0x00000000e2800000| Untracked 
|  41|0x00000000e2900000, 0x00000000e2900000, 0x00000000e2a00000|  0%| F|  |TAMS 0x00000000e2900000| PB 0x00000000e2900000| Untracked 
|  42|0x00000000e2a00000, 0x00000000e2b00000, 0x00000000e2b00000|100%|HS|  |TAMS 0x00000000e2a00000| PB 0x00000000e2a00000| Complete 
|  43|0x00000000e2b00000, 0x00000000e2c00000, 0x00000000e2c00000|100%| O|  |TAMS 0x00000000e2b00000| PB 0x00000000e2b00000| Untracked 
|  44|0x00000000e2c00000, 0x00000000e2d00000, 0x00000000e2d00000|100%| O|  |TAMS 0x00000000e2c00000| PB 0x00000000e2c00000| Untracked 
|  45|0x00000000e2d00000, 0x00000000e2e00000, 0x00000000e2e00000|100%| O|  |TAMS 0x00000000e2d00000| PB 0x00000000e2d00000| Untracked 
|  46|0x00000000e2e00000, 0x00000000e2f00000, 0x00000000e2f00000|100%| O|  |TAMS 0x00000000e2e00000| PB 0x00000000e2e00000| Untracked 
|  47|0x00000000e2f00000, 0x00000000e3000000, 0x00000000e3000000|100%| O|  |TAMS 0x00000000e2f00000| PB 0x00000000e2f00000| Untracked 
|  48|0x00000000e3000000, 0x00000000e3100000, 0x00000000e3100000|100%| O|  |TAMS 0x00000000e3000000| PB 0x00000000e3000000| Untracked 
|  49|0x00000000e3100000, 0x00000000e3200000, 0x00000000e3200000|100%| O|  |TAMS 0x00000000e3100000| PB 0x00000000e3100000| Untracked 
|  50|0x00000000e3200000, 0x00000000e3300000, 0x00000000e3300000|100%| O|  |TAMS 0x00000000e3200000| PB 0x00000000e3200000| Untracked 
|  51|0x00000000e3300000, 0x00000000e3400000, 0x00000000e3400000|100%| O|  |TAMS 0x00000000e3300000| PB 0x00000000e3300000| Untracked 
|  52|0x00000000e3400000, 0x00000000e3500000, 0x00000000e3500000|100%| O|  |TAMS 0x00000000e3400000| PB 0x00000000e3400000| Untracked 
|  53|0x00000000e3500000, 0x00000000e3600000, 0x00000000e3600000|100%| O|  |TAMS 0x00000000e3500000| PB 0x00000000e3500000| Untracked 
|  54|0x00000000e3600000, 0x00000000e36d8700, 0x00000000e3700000| 84%| O|  |TAMS 0x00000000e3600000| PB 0x00000000e3600000| Untracked 
|  55|0x00000000e3700000, 0x00000000e3700000, 0x00000000e3800000|  0%| F|  |TAMS 0x00000000e3700000| PB 0x00000000e3700000| Untracked 
|  56|0x00000000e3800000, 0x00000000e3800000, 0x00000000e3900000|  0%| F|  |TAMS 0x00000000e3800000| PB 0x00000000e3800000| Untracked 
|  57|0x00000000e3900000, 0x00000000e3900000, 0x00000000e3a00000|  0%| F|  |TAMS 0x00000000e3900000| PB 0x00000000e3900000| Untracked 
|  58|0x00000000e3a00000, 0x00000000e3a00000, 0x00000000e3b00000|  0%| F|  |TAMS 0x00000000e3a00000| PB 0x00000000e3a00000| Untracked 
|  59|0x00000000e3b00000, 0x00000000e3b00000, 0x00000000e3c00000|  0%| F|  |TAMS 0x00000000e3b00000| PB 0x00000000e3b00000| Untracked 
|  60|0x00000000e3c00000, 0x00000000e3c00000, 0x00000000e3d00000|  0%| F|  |TAMS 0x00000000e3c00000| PB 0x00000000e3c00000| Untracked 
|  61|0x00000000e3d00000, 0x00000000e3d00000, 0x00000000e3e00000|  0%| F|  |TAMS 0x00000000e3d00000| PB 0x00000000e3d00000| Untracked 
|  62|0x00000000e3e00000, 0x00000000e3e00000, 0x00000000e3f00000|  0%| F|  |TAMS 0x00000000e3e00000| PB 0x00000000e3e00000| Untracked 
|  63|0x00000000e3f00000, 0x00000000e3f00000, 0x00000000e4000000|  0%| F|  |TAMS 0x00000000e3f00000| PB 0x00000000e3f00000| Untracked 
|  64|0x00000000e4000000, 0x00000000e4000000, 0x00000000e4100000|  0%| F|  |TAMS 0x00000000e4000000| PB 0x00000000e4000000| Untracked 
|  65|0x00000000e4100000, 0x00000000e4100000, 0x00000000e4200000|  0%| F|  |TAMS 0x00000000e4100000| PB 0x00000000e4100000| Untracked 
|  66|0x00000000e4200000, 0x00000000e4200000, 0x00000000e4300000|  0%| F|  |TAMS 0x00000000e4200000| PB 0x00000000e4200000| Untracked 
|  67|0x00000000e4300000, 0x00000000e4300000, 0x00000000e4400000|  0%| F|  |TAMS 0x00000000e4300000| PB 0x00000000e4300000| Untracked 
|  68|0x00000000e4400000, 0x00000000e4400000, 0x00000000e4500000|  0%| F|  |TAMS 0x00000000e4400000| PB 0x00000000e4400000| Untracked 
|  69|0x00000000e4500000, 0x00000000e4500000, 0x00000000e4600000|  0%| F|  |TAMS 0x00000000e4500000| PB 0x00000000e4500000| Untracked 
|  70|0x00000000e4600000, 0x00000000e4600000, 0x00000000e4700000|  0%| F|  |TAMS 0x00000000e4600000| PB 0x00000000e4600000| Untracked 
|  71|0x00000000e4700000, 0x00000000e4700000, 0x00000000e4800000|  0%| F|  |TAMS 0x00000000e4700000| PB 0x00000000e4700000| Untracked 
|  72|0x00000000e4800000, 0x00000000e4800000, 0x00000000e4900000|  0%| F|  |TAMS 0x00000000e4800000| PB 0x00000000e4800000| Untracked 
|  73|0x00000000e4900000, 0x00000000e4900000, 0x00000000e4a00000|  0%| F|  |TAMS 0x00000000e4900000| PB 0x00000000e4900000| Untracked 
|  74|0x00000000e4a00000, 0x00000000e4a00000, 0x00000000e4b00000|  0%| F|  |TAMS 0x00000000e4a00000| PB 0x00000000e4a00000| Untracked 
|  75|0x00000000e4b00000, 0x00000000e4b00000, 0x00000000e4c00000|  0%| F|  |TAMS 0x00000000e4b00000| PB 0x00000000e4b00000| Untracked 
|  76|0x00000000e4c00000, 0x00000000e4c00000, 0x00000000e4d00000|  0%| F|  |TAMS 0x00000000e4c00000| PB 0x00000000e4c00000| Untracked 
|  77|0x00000000e4d00000, 0x00000000e4d00000, 0x00000000e4e00000|  0%| F|  |TAMS 0x00000000e4d00000| PB 0x00000000e4d00000| Untracked 
|  78|0x00000000e4e00000, 0x00000000e4e00000, 0x00000000e4f00000|  0%| F|  |TAMS 0x00000000e4e00000| PB 0x00000000e4e00000| Untracked 
|  79|0x00000000e4f00000, 0x00000000e4f00000, 0x00000000e5000000|  0%| F|  |TAMS 0x00000000e4f00000| PB 0x00000000e4f00000| Untracked 
|  80|0x00000000e5000000, 0x00000000e5000000, 0x00000000e5100000|  0%| F|  |TAMS 0x00000000e5000000| PB 0x00000000e5000000| Untracked 
|  81|0x00000000e5100000, 0x00000000e5100000, 0x00000000e5200000|  0%| F|  |TAMS 0x00000000e5100000| PB 0x00000000e5100000| Untracked 
|  82|0x00000000e5200000, 0x00000000e5200000, 0x00000000e5300000|  0%| F|  |TAMS 0x00000000e5200000| PB 0x00000000e5200000| Untracked 
|  83|0x00000000e5300000, 0x00000000e5400000, 0x00000000e5400000|100%| S|CS|TAMS 0x00000000e5300000| PB 0x00000000e5300000| Complete 
|  84|0x00000000e5400000, 0x00000000e5500000, 0x00000000e5500000|100%| S|CS|TAMS 0x00000000e5400000| PB 0x00000000e5400000| Complete 
|  85|0x00000000e5500000, 0x00000000e5600000, 0x00000000e5600000|100%| S|CS|TAMS 0x00000000e5500000| PB 0x00000000e5500000| Complete 
|  86|0x00000000e5600000, 0x00000000e5600000, 0x00000000e5700000|  0%| F|  |TAMS 0x00000000e5600000| PB 0x00000000e5600000| Untracked 
|  87|0x00000000e5700000, 0x00000000e5700000, 0x00000000e5800000|  0%| F|  |TAMS 0x00000000e5700000| PB 0x00000000e5700000| Untracked 
|  88|0x00000000e5800000, 0x00000000e5800000, 0x00000000e5900000|  0%| F|  |TAMS 0x00000000e5800000| PB 0x00000000e5800000| Untracked 
|  89|0x00000000e5900000, 0x00000000e5900000, 0x00000000e5a00000|  0%| F|  |TAMS 0x00000000e5900000| PB 0x00000000e5900000| Untracked 
|  90|0x00000000e5a00000, 0x00000000e5a00000, 0x00000000e5b00000|  0%| F|  |TAMS 0x00000000e5a00000| PB 0x00000000e5a00000| Untracked 
|  91|0x00000000e5b00000, 0x00000000e5b00000, 0x00000000e5c00000|  0%| F|  |TAMS 0x00000000e5b00000| PB 0x00000000e5b00000| Untracked 
|  92|0x00000000e5c00000, 0x00000000e5c00000, 0x00000000e5d00000|  0%| F|  |TAMS 0x00000000e5c00000| PB 0x00000000e5c00000| Untracked 
|  93|0x00000000e5d00000, 0x00000000e5d00000, 0x00000000e5e00000|  0%| F|  |TAMS 0x00000000e5d00000| PB 0x00000000e5d00000| Untracked 
|  94|0x00000000e5e00000, 0x00000000e5e00000, 0x00000000e5f00000|  0%| F|  |TAMS 0x00000000e5e00000| PB 0x00000000e5e00000| Untracked 
|  95|0x00000000e5f00000, 0x00000000e5f00000, 0x00000000e6000000|  0%| F|  |TAMS 0x00000000e5f00000| PB 0x00000000e5f00000| Untracked 
|  96|0x00000000e6000000, 0x00000000e6000000, 0x00000000e6100000|  0%| F|  |TAMS 0x00000000e6000000| PB 0x00000000e6000000| Untracked 
|  97|0x00000000e6100000, 0x00000000e6100000, 0x00000000e6200000|  0%| F|  |TAMS 0x00000000e6100000| PB 0x00000000e6100000| Untracked 
|  98|0x00000000e6200000, 0x00000000e6200000, 0x00000000e6300000|  0%| F|  |TAMS 0x00000000e6200000| PB 0x00000000e6200000| Untracked 
|  99|0x00000000e6300000, 0x00000000e6300000, 0x00000000e6400000|  0%| F|  |TAMS 0x00000000e6300000| PB 0x00000000e6300000| Untracked 
| 100|0x00000000e6400000, 0x00000000e6400000, 0x00000000e6500000|  0%| F|  |TAMS 0x00000000e6400000| PB 0x00000000e6400000| Untracked 
| 101|0x00000000e6500000, 0x00000000e6500000, 0x00000000e6600000|  0%| F|  |TAMS 0x00000000e6500000| PB 0x00000000e6500000| Untracked 
| 102|0x00000000e6600000, 0x00000000e6600000, 0x00000000e6700000|  0%| F|  |TAMS 0x00000000e6600000| PB 0x00000000e6600000| Untracked 
| 103|0x00000000e6700000, 0x00000000e6800000, 0x00000000e6800000|100%| S|CS|TAMS 0x00000000e6700000| PB 0x00000000e6700000| Complete 
| 104|0x00000000e6800000, 0x00000000e6900000, 0x00000000e6900000|100%| S|CS|TAMS 0x00000000e6800000| PB 0x00000000e6800000| Complete 
| 105|0x00000000e6900000, 0x00000000e6a00000, 0x00000000e6a00000|100%| S|CS|TAMS 0x00000000e6900000| PB 0x00000000e6900000| Complete 
| 106|0x00000000e6a00000, 0x00000000e6b00000, 0x00000000e6b00000|100%| S|CS|TAMS 0x00000000e6a00000| PB 0x00000000e6a00000| Complete 
| 107|0x00000000e6b00000, 0x00000000e6c00000, 0x00000000e6c00000|100%| S|CS|TAMS 0x00000000e6b00000| PB 0x00000000e6b00000| Complete 
| 108|0x00000000e6c00000, 0x00000000e6d00000, 0x00000000e6d00000|100%| S|CS|TAMS 0x00000000e6c00000| PB 0x00000000e6c00000| Complete 
| 109|0x00000000e6d00000, 0x00000000e6e00000, 0x00000000e6e00000|100%| S|CS|TAMS 0x00000000e6d00000| PB 0x00000000e6d00000| Complete 
| 110|0x00000000e6e00000, 0x00000000e6f00000, 0x00000000e6f00000|100%| S|CS|TAMS 0x00000000e6e00000| PB 0x00000000e6e00000| Complete 
| 111|0x00000000e6f00000, 0x00000000e7000000, 0x00000000e7000000|100%| S|CS|TAMS 0x00000000e6f00000| PB 0x00000000e6f00000| Complete 
| 112|0x00000000e7000000, 0x00000000e7100000, 0x00000000e7100000|100%| S|CS|TAMS 0x00000000e7000000| PB 0x00000000e7000000| Complete 
| 113|0x00000000e7100000, 0x00000000e7200000, 0x00000000e7200000|100%| S|CS|TAMS 0x00000000e7100000| PB 0x00000000e7100000| Complete 
| 114|0x00000000e7200000, 0x00000000e7300000, 0x00000000e7300000|100%| S|CS|TAMS 0x00000000e7200000| PB 0x00000000e7200000| Complete 
| 115|0x00000000e7300000, 0x00000000e7400000, 0x00000000e7400000|100%| S|CS|TAMS 0x00000000e7300000| PB 0x00000000e7300000| Complete 
| 116|0x00000000e7400000, 0x00000000e7500000, 0x00000000e7500000|100%| S|CS|TAMS 0x00000000e7400000| PB 0x00000000e7400000| Complete 
| 117|0x00000000e7500000, 0x00000000e7600000, 0x00000000e7600000|100%| S|CS|TAMS 0x00000000e7500000| PB 0x00000000e7500000| Complete 
| 118|0x00000000e7600000, 0x00000000e7700000, 0x00000000e7700000|100%| S|CS|TAMS 0x00000000e7600000| PB 0x00000000e7600000| Complete 
| 119|0x00000000e7700000, 0x00000000e7800000, 0x00000000e7800000|100%| S|CS|TAMS 0x00000000e7700000| PB 0x00000000e7700000| Complete 
| 120|0x00000000e7800000, 0x00000000e7800000, 0x00000000e7900000|  0%| F|  |TAMS 0x00000000e7800000| PB 0x00000000e7800000| Untracked 
| 121|0x00000000e7900000, 0x00000000e7900000, 0x00000000e7a00000|  0%| F|  |TAMS 0x00000000e7900000| PB 0x00000000e7900000| Untracked 
| 122|0x00000000e7a00000, 0x00000000e7a00000, 0x00000000e7b00000|  0%| F|  |TAMS 0x00000000e7a00000| PB 0x00000000e7a00000| Untracked 
| 123|0x00000000e7b00000, 0x00000000e7b00000, 0x00000000e7c00000|  0%| F|  |TAMS 0x00000000e7b00000| PB 0x00000000e7b00000| Untracked 
| 124|0x00000000e7c00000, 0x00000000e7c00000, 0x00000000e7d00000|  0%| F|  |TAMS 0x00000000e7c00000| PB 0x00000000e7c00000| Untracked 
| 125|0x00000000e7d00000, 0x00000000e7d00000, 0x00000000e7e00000|  0%| F|  |TAMS 0x00000000e7d00000| PB 0x00000000e7d00000| Untracked 
| 126|0x00000000e7e00000, 0x00000000e7e00000, 0x00000000e7f00000|  0%| F|  |TAMS 0x00000000e7e00000| PB 0x00000000e7e00000| Untracked 
| 127|0x00000000e7f00000, 0x00000000e7f00000, 0x00000000e8000000|  0%| F|  |TAMS 0x00000000e7f00000| PB 0x00000000e7f00000| Untracked 
| 128|0x00000000e8000000, 0x00000000e8000000, 0x00000000e8100000|  0%| F|  |TAMS 0x00000000e8000000| PB 0x00000000e8000000| Untracked 
| 129|0x00000000e8100000, 0x00000000e8100000, 0x00000000e8200000|  0%| F|  |TAMS 0x00000000e8100000| PB 0x00000000e8100000| Untracked 
| 130|0x00000000e8200000, 0x00000000e8200000, 0x00000000e8300000|  0%| F|  |TAMS 0x00000000e8200000| PB 0x00000000e8200000| Untracked 
| 131|0x00000000e8300000, 0x00000000e8300000, 0x00000000e8400000|  0%| F|  |TAMS 0x00000000e8300000| PB 0x00000000e8300000| Untracked 
| 132|0x00000000e8400000, 0x00000000e8400000, 0x00000000e8500000|  0%| F|  |TAMS 0x00000000e8400000| PB 0x00000000e8400000| Untracked 
| 133|0x00000000e8500000, 0x00000000e8500000, 0x00000000e8600000|  0%| F|  |TAMS 0x00000000e8500000| PB 0x00000000e8500000| Untracked 
| 134|0x00000000e8600000, 0x00000000e8600000, 0x00000000e8700000|  0%| F|  |TAMS 0x00000000e8600000| PB 0x00000000e8600000| Untracked 
| 135|0x00000000e8700000, 0x00000000e8700000, 0x00000000e8800000|  0%| F|  |TAMS 0x00000000e8700000| PB 0x00000000e8700000| Untracked 
| 136|0x00000000e8800000, 0x00000000e8800000, 0x00000000e8900000|  0%| F|  |TAMS 0x00000000e8800000| PB 0x00000000e8800000| Untracked 
| 137|0x00000000e8900000, 0x00000000e8900000, 0x00000000e8a00000|  0%| F|  |TAMS 0x00000000e8900000| PB 0x00000000e8900000| Untracked 
| 138|0x00000000e8a00000, 0x00000000e8a00000, 0x00000000e8b00000|  0%| F|  |TAMS 0x00000000e8a00000| PB 0x00000000e8a00000| Untracked 
| 139|0x00000000e8b00000, 0x00000000e8b00000, 0x00000000e8c00000|  0%| F|  |TAMS 0x00000000e8b00000| PB 0x00000000e8b00000| Untracked 
| 140|0x00000000e8c00000, 0x00000000e8c00000, 0x00000000e8d00000|  0%| F|  |TAMS 0x00000000e8c00000| PB 0x00000000e8c00000| Untracked 
| 141|0x00000000e8d00000, 0x00000000e8d00000, 0x00000000e8e00000|  0%| F|  |TAMS 0x00000000e8d00000| PB 0x00000000e8d00000| Untracked 
| 142|0x00000000e8e00000, 0x00000000e8e00000, 0x00000000e8f00000|  0%| F|  |TAMS 0x00000000e8e00000| PB 0x00000000e8e00000| Untracked 
| 143|0x00000000e8f00000, 0x00000000e8f00000, 0x00000000e9000000|  0%| F|  |TAMS 0x00000000e8f00000| PB 0x00000000e8f00000| Untracked 
| 144|0x00000000e9000000, 0x00000000e9000000, 0x00000000e9100000|  0%| F|  |TAMS 0x00000000e9000000| PB 0x00000000e9000000| Untracked 
| 145|0x00000000e9100000, 0x00000000e9100000, 0x00000000e9200000|  0%| F|  |TAMS 0x00000000e9100000| PB 0x00000000e9100000| Untracked 
| 146|0x00000000e9200000, 0x00000000e9200000, 0x00000000e9300000|  0%| F|  |TAMS 0x00000000e9200000| PB 0x00000000e9200000| Untracked 
| 147|0x00000000e9300000, 0x00000000e9300000, 0x00000000e9400000|  0%| F|  |TAMS 0x00000000e9300000| PB 0x00000000e9300000| Untracked 
| 148|0x00000000e9400000, 0x00000000e9400000, 0x00000000e9500000|  0%| F|  |TAMS 0x00000000e9400000| PB 0x00000000e9400000| Untracked 
| 149|0x00000000e9500000, 0x00000000e9500000, 0x00000000e9600000|  0%| F|  |TAMS 0x00000000e9500000| PB 0x00000000e9500000| Untracked 
| 150|0x00000000e9600000, 0x00000000e9600000, 0x00000000e9700000|  0%| F|  |TAMS 0x00000000e9600000| PB 0x00000000e9600000| Untracked 
| 151|0x00000000e9700000, 0x00000000e9700000, 0x00000000e9800000|  0%| F|  |TAMS 0x00000000e9700000| PB 0x00000000e9700000| Untracked 
| 152|0x00000000e9800000, 0x00000000e9800000, 0x00000000e9900000|  0%| F|  |TAMS 0x00000000e9800000| PB 0x00000000e9800000| Untracked 
| 153|0x00000000e9900000, 0x00000000e9900000, 0x00000000e9a00000|  0%| F|  |TAMS 0x00000000e9900000| PB 0x00000000e9900000| Untracked 
| 154|0x00000000e9a00000, 0x00000000e9a00000, 0x00000000e9b00000|  0%| F|  |TAMS 0x00000000e9a00000| PB 0x00000000e9a00000| Untracked 
| 155|0x00000000e9b00000, 0x00000000e9b00000, 0x00000000e9c00000|  0%| F|  |TAMS 0x00000000e9b00000| PB 0x00000000e9b00000| Untracked 
| 156|0x00000000e9c00000, 0x00000000e9c00000, 0x00000000e9d00000|  0%| F|  |TAMS 0x00000000e9c00000| PB 0x00000000e9c00000| Untracked 
| 157|0x00000000e9d00000, 0x00000000e9d00000, 0x00000000e9e00000|  0%| F|  |TAMS 0x00000000e9d00000| PB 0x00000000e9d00000| Untracked 
| 158|0x00000000e9e00000, 0x00000000e9e00000, 0x00000000e9f00000|  0%| F|  |TAMS 0x00000000e9e00000| PB 0x00000000e9e00000| Untracked 
| 159|0x00000000e9f00000, 0x00000000e9f00000, 0x00000000ea000000|  0%| F|  |TAMS 0x00000000e9f00000| PB 0x00000000e9f00000| Untracked 
| 160|0x00000000ea000000, 0x00000000ea000000, 0x00000000ea100000|  0%| F|  |TAMS 0x00000000ea000000| PB 0x00000000ea000000| Untracked 
| 161|0x00000000ea100000, 0x00000000ea100000, 0x00000000ea200000|  0%| F|  |TAMS 0x00000000ea100000| PB 0x00000000ea100000| Untracked 
| 162|0x00000000ea200000, 0x00000000ea200000, 0x00000000ea300000|  0%| F|  |TAMS 0x00000000ea200000| PB 0x00000000ea200000| Untracked 
| 163|0x00000000ea300000, 0x00000000ea300000, 0x00000000ea400000|  0%| F|  |TAMS 0x00000000ea300000| PB 0x00000000ea300000| Untracked 
| 164|0x00000000ea400000, 0x00000000ea400000, 0x00000000ea500000|  0%| F|  |TAMS 0x00000000ea400000| PB 0x00000000ea400000| Untracked 
| 165|0x00000000ea500000, 0x00000000ea500000, 0x00000000ea600000|  0%| F|  |TAMS 0x00000000ea500000| PB 0x00000000ea500000| Untracked 
| 166|0x00000000ea600000, 0x00000000ea600000, 0x00000000ea700000|  0%| F|  |TAMS 0x00000000ea600000| PB 0x00000000ea600000| Untracked 
| 167|0x00000000ea700000, 0x00000000ea700000, 0x00000000ea800000|  0%| F|  |TAMS 0x00000000ea700000| PB 0x00000000ea700000| Untracked 
| 168|0x00000000ea800000, 0x00000000ea800000, 0x00000000ea900000|  0%| F|  |TAMS 0x00000000ea800000| PB 0x00000000ea800000| Untracked 
| 169|0x00000000ea900000, 0x00000000ea900000, 0x00000000eaa00000|  0%| F|  |TAMS 0x00000000ea900000| PB 0x00000000ea900000| Untracked 
| 170|0x00000000eaa00000, 0x00000000eaa00000, 0x00000000eab00000|  0%| F|  |TAMS 0x00000000eaa00000| PB 0x00000000eaa00000| Untracked 
| 171|0x00000000eab00000, 0x00000000eab00000, 0x00000000eac00000|  0%| F|  |TAMS 0x00000000eab00000| PB 0x00000000eab00000| Untracked 
| 172|0x00000000eac00000, 0x00000000eac00000, 0x00000000ead00000|  0%| F|  |TAMS 0x00000000eac00000| PB 0x00000000eac00000| Untracked 
| 173|0x00000000ead00000, 0x00000000ead00000, 0x00000000eae00000|  0%| F|  |TAMS 0x00000000ead00000| PB 0x00000000ead00000| Untracked 
| 174|0x00000000eae00000, 0x00000000eae00000, 0x00000000eaf00000|  0%| F|  |TAMS 0x00000000eae00000| PB 0x00000000eae00000| Untracked 
| 175|0x00000000eaf00000, 0x00000000eaf00000, 0x00000000eb000000|  0%| F|  |TAMS 0x00000000eaf00000| PB 0x00000000eaf00000| Untracked 
| 176|0x00000000eb000000, 0x00000000eb000000, 0x00000000eb100000|  0%| F|  |TAMS 0x00000000eb000000| PB 0x00000000eb000000| Untracked 
| 177|0x00000000eb100000, 0x00000000eb100000, 0x00000000eb200000|  0%| F|  |TAMS 0x00000000eb100000| PB 0x00000000eb100000| Untracked 
| 178|0x00000000eb200000, 0x00000000eb200000, 0x00000000eb300000|  0%| F|  |TAMS 0x00000000eb200000| PB 0x00000000eb200000| Untracked 
| 179|0x00000000eb300000, 0x00000000eb300000, 0x00000000eb400000|  0%| F|  |TAMS 0x00000000eb300000| PB 0x00000000eb300000| Untracked 
| 180|0x00000000eb400000, 0x00000000eb400000, 0x00000000eb500000|  0%| F|  |TAMS 0x00000000eb400000| PB 0x00000000eb400000| Untracked 
| 181|0x00000000eb500000, 0x00000000eb500000, 0x00000000eb600000|  0%| F|  |TAMS 0x00000000eb500000| PB 0x00000000eb500000| Untracked 
| 182|0x00000000eb600000, 0x00000000eb600000, 0x00000000eb700000|  0%| F|  |TAMS 0x00000000eb600000| PB 0x00000000eb600000| Untracked 
| 183|0x00000000eb700000, 0x00000000eb700000, 0x00000000eb800000|  0%| F|  |TAMS 0x00000000eb700000| PB 0x00000000eb700000| Untracked 
| 184|0x00000000eb800000, 0x00000000eb800000, 0x00000000eb900000|  0%| F|  |TAMS 0x00000000eb800000| PB 0x00000000eb800000| Untracked 
| 185|0x00000000eb900000, 0x00000000eb900000, 0x00000000eba00000|  0%| F|  |TAMS 0x00000000eb900000| PB 0x00000000eb900000| Untracked 
| 186|0x00000000eba00000, 0x00000000eba00000, 0x00000000ebb00000|  0%| F|  |TAMS 0x00000000eba00000| PB 0x00000000eba00000| Untracked 
| 187|0x00000000ebb00000, 0x00000000ebb00000, 0x00000000ebc00000|  0%| F|  |TAMS 0x00000000ebb00000| PB 0x00000000ebb00000| Untracked 
| 188|0x00000000ebc00000, 0x00000000ebc00000, 0x00000000ebd00000|  0%| F|  |TAMS 0x00000000ebc00000| PB 0x00000000ebc00000| Untracked 
| 189|0x00000000ebd00000, 0x00000000ebd00000, 0x00000000ebe00000|  0%| F|  |TAMS 0x00000000ebd00000| PB 0x00000000ebd00000| Untracked 
| 190|0x00000000ebe00000, 0x00000000ebe00000, 0x00000000ebf00000|  0%| F|  |TAMS 0x00000000ebe00000| PB 0x00000000ebe00000| Untracked 
| 191|0x00000000ebf00000, 0x00000000ebf00000, 0x00000000ec000000|  0%| F|  |TAMS 0x00000000ebf00000| PB 0x00000000ebf00000| Untracked 
| 192|0x00000000ec000000, 0x00000000ec000000, 0x00000000ec100000|  0%| F|  |TAMS 0x00000000ec000000| PB 0x00000000ec000000| Untracked 
| 193|0x00000000ec100000, 0x00000000ec100000, 0x00000000ec200000|  0%| F|  |TAMS 0x00000000ec100000| PB 0x00000000ec100000| Untracked 
| 194|0x00000000ec200000, 0x00000000ec200000, 0x00000000ec300000|  0%| F|  |TAMS 0x00000000ec200000| PB 0x00000000ec200000| Untracked 
| 195|0x00000000ec300000, 0x00000000ec300000, 0x00000000ec400000|  0%| F|  |TAMS 0x00000000ec300000| PB 0x00000000ec300000| Untracked 
| 196|0x00000000ec400000, 0x00000000ec400000, 0x00000000ec500000|  0%| F|  |TAMS 0x00000000ec400000| PB 0x00000000ec400000| Untracked 
| 197|0x00000000ec500000, 0x00000000ec500000, 0x00000000ec600000|  0%| F|  |TAMS 0x00000000ec500000| PB 0x00000000ec500000| Untracked 
| 198|0x00000000ec600000, 0x00000000ec600000, 0x00000000ec700000|  0%| F|  |TAMS 0x00000000ec600000| PB 0x00000000ec600000| Untracked 
| 199|0x00000000ec700000, 0x00000000ec700000, 0x00000000ec800000|  0%| F|  |TAMS 0x00000000ec700000| PB 0x00000000ec700000| Untracked 
| 200|0x00000000ec800000, 0x00000000ec800000, 0x00000000ec900000|  0%| F|  |TAMS 0x00000000ec800000| PB 0x00000000ec800000| Untracked 
| 201|0x00000000ec900000, 0x00000000ec900000, 0x00000000eca00000|  0%| F|  |TAMS 0x00000000ec900000| PB 0x00000000ec900000| Untracked 
| 202|0x00000000eca00000, 0x00000000eca00000, 0x00000000ecb00000|  0%| F|  |TAMS 0x00000000eca00000| PB 0x00000000eca00000| Untracked 
| 203|0x00000000ecb00000, 0x00000000ecb00000, 0x00000000ecc00000|  0%| F|  |TAMS 0x00000000ecb00000| PB 0x00000000ecb00000| Untracked 
| 204|0x00000000ecc00000, 0x00000000ecc00000, 0x00000000ecd00000|  0%| F|  |TAMS 0x00000000ecc00000| PB 0x00000000ecc00000| Untracked 
| 205|0x00000000ecd00000, 0x00000000ecd00000, 0x00000000ece00000|  0%| F|  |TAMS 0x00000000ecd00000| PB 0x00000000ecd00000| Untracked 
| 206|0x00000000ece00000, 0x00000000ece00000, 0x00000000ecf00000|  0%| F|  |TAMS 0x00000000ece00000| PB 0x00000000ece00000| Untracked 
| 207|0x00000000ecf00000, 0x00000000ecf00000, 0x00000000ed000000|  0%| F|  |TAMS 0x00000000ecf00000| PB 0x00000000ecf00000| Untracked 
| 208|0x00000000ed000000, 0x00000000ed000000, 0x00000000ed100000|  0%| F|  |TAMS 0x00000000ed000000| PB 0x00000000ed000000| Untracked 
| 209|0x00000000ed100000, 0x00000000ed100000, 0x00000000ed200000|  0%| F|  |TAMS 0x00000000ed100000| PB 0x00000000ed100000| Untracked 
| 210|0x00000000ed200000, 0x00000000ed200000, 0x00000000ed300000|  0%| F|  |TAMS 0x00000000ed200000| PB 0x00000000ed200000| Untracked 
| 211|0x00000000ed300000, 0x00000000ed300000, 0x00000000ed400000|  0%| F|  |TAMS 0x00000000ed300000| PB 0x00000000ed300000| Untracked 
| 212|0x00000000ed400000, 0x00000000ed400000, 0x00000000ed500000|  0%| F|  |TAMS 0x00000000ed400000| PB 0x00000000ed400000| Untracked 
| 213|0x00000000ed500000, 0x00000000ed500000, 0x00000000ed600000|  0%| F|  |TAMS 0x00000000ed500000| PB 0x00000000ed500000| Untracked 
| 214|0x00000000ed600000, 0x00000000ed600000, 0x00000000ed700000|  0%| F|  |TAMS 0x00000000ed600000| PB 0x00000000ed600000| Untracked 
| 215|0x00000000ed700000, 0x00000000ed700000, 0x00000000ed800000|  0%| F|  |TAMS 0x00000000ed700000| PB 0x00000000ed700000| Untracked 
| 216|0x00000000ed800000, 0x00000000ed800000, 0x00000000ed900000|  0%| F|  |TAMS 0x00000000ed800000| PB 0x00000000ed800000| Untracked 
| 217|0x00000000ed900000, 0x00000000ed900000, 0x00000000eda00000|  0%| F|  |TAMS 0x00000000ed900000| PB 0x00000000ed900000| Untracked 
| 218|0x00000000eda00000, 0x00000000eda00000, 0x00000000edb00000|  0%| F|  |TAMS 0x00000000eda00000| PB 0x00000000eda00000| Untracked 
| 219|0x00000000edb00000, 0x00000000edb00000, 0x00000000edc00000|  0%| F|  |TAMS 0x00000000edb00000| PB 0x00000000edb00000| Untracked 
| 220|0x00000000edc00000, 0x00000000edc00000, 0x00000000edd00000|  0%| F|  |TAMS 0x00000000edc00000| PB 0x00000000edc00000| Untracked 
| 221|0x00000000edd00000, 0x00000000edd00000, 0x00000000ede00000|  0%| F|  |TAMS 0x00000000edd00000| PB 0x00000000edd00000| Untracked 
| 222|0x00000000ede00000, 0x00000000ede00000, 0x00000000edf00000|  0%| F|  |TAMS 0x00000000ede00000| PB 0x00000000ede00000| Untracked 
| 223|0x00000000edf00000, 0x00000000edf00000, 0x00000000ee000000|  0%| F|  |TAMS 0x00000000edf00000| PB 0x00000000edf00000| Untracked 
| 224|0x00000000ee000000, 0x00000000ee000000, 0x00000000ee100000|  0%| F|  |TAMS 0x00000000ee000000| PB 0x00000000ee000000| Untracked 
| 225|0x00000000ee100000, 0x00000000ee100000, 0x00000000ee200000|  0%| F|  |TAMS 0x00000000ee100000| PB 0x00000000ee100000| Untracked 
| 226|0x00000000ee200000, 0x00000000ee200000, 0x00000000ee300000|  0%| F|  |TAMS 0x00000000ee200000| PB 0x00000000ee200000| Untracked 
| 227|0x00000000ee300000, 0x00000000ee300000, 0x00000000ee400000|  0%| F|  |TAMS 0x00000000ee300000| PB 0x00000000ee300000| Untracked 
| 228|0x00000000ee400000, 0x00000000ee400000, 0x00000000ee500000|  0%| F|  |TAMS 0x00000000ee400000| PB 0x00000000ee400000| Untracked 
| 229|0x00000000ee500000, 0x00000000ee500000, 0x00000000ee600000|  0%| F|  |TAMS 0x00000000ee500000| PB 0x00000000ee500000| Untracked 
| 230|0x00000000ee600000, 0x00000000ee600000, 0x00000000ee700000|  0%| F|  |TAMS 0x00000000ee600000| PB 0x00000000ee600000| Untracked 
| 231|0x00000000ee700000, 0x00000000ee700000, 0x00000000ee800000|  0%| F|  |TAMS 0x00000000ee700000| PB 0x00000000ee700000| Untracked 
| 232|0x00000000ee800000, 0x00000000ee800000, 0x00000000ee900000|  0%| F|  |TAMS 0x00000000ee800000| PB 0x00000000ee800000| Untracked 
| 233|0x00000000ee900000, 0x00000000ee900000, 0x00000000eea00000|  0%| F|  |TAMS 0x00000000ee900000| PB 0x00000000ee900000| Untracked 
| 234|0x00000000eea00000, 0x00000000eea00000, 0x00000000eeb00000|  0%| F|  |TAMS 0x00000000eea00000| PB 0x00000000eea00000| Untracked 
| 235|0x00000000eeb00000, 0x00000000eeb00000, 0x00000000eec00000|  0%| F|  |TAMS 0x00000000eeb00000| PB 0x00000000eeb00000| Untracked 
| 236|0x00000000eec00000, 0x00000000eec00000, 0x00000000eed00000|  0%| F|  |TAMS 0x00000000eec00000| PB 0x00000000eec00000| Untracked 
| 237|0x00000000eed00000, 0x00000000eed00000, 0x00000000eee00000|  0%| F|  |TAMS 0x00000000eed00000| PB 0x00000000eed00000| Untracked 
| 238|0x00000000eee00000, 0x00000000eee00000, 0x00000000eef00000|  0%| F|  |TAMS 0x00000000eee00000| PB 0x00000000eee00000| Untracked 
| 239|0x00000000eef00000, 0x00000000eef00000, 0x00000000ef000000|  0%| F|  |TAMS 0x00000000eef00000| PB 0x00000000eef00000| Untracked 
| 240|0x00000000ef000000, 0x00000000ef000000, 0x00000000ef100000|  0%| F|  |TAMS 0x00000000ef000000| PB 0x00000000ef000000| Untracked 
| 241|0x00000000ef100000, 0x00000000ef100000, 0x00000000ef200000|  0%| F|  |TAMS 0x00000000ef100000| PB 0x00000000ef100000| Untracked 
| 242|0x00000000ef200000, 0x00000000ef200000, 0x00000000ef300000|  0%| F|  |TAMS 0x00000000ef200000| PB 0x00000000ef200000| Untracked 
| 243|0x00000000ef300000, 0x00000000ef300000, 0x00000000ef400000|  0%| F|  |TAMS 0x00000000ef300000| PB 0x00000000ef300000| Untracked 
| 244|0x00000000ef400000, 0x00000000ef467828, 0x00000000ef500000| 40%| E|  |TAMS 0x00000000ef400000| PB 0x00000000ef400000| Complete 
| 245|0x00000000ef500000, 0x00000000ef600000, 0x00000000ef600000|100%| E|CS|TAMS 0x00000000ef500000| PB 0x00000000ef500000| Complete 
| 246|0x00000000ef600000, 0x00000000ef700000, 0x00000000ef700000|100%| E|CS|TAMS 0x00000000ef600000| PB 0x00000000ef600000| Complete 
| 247|0x00000000ef700000, 0x00000000ef800000, 0x00000000ef800000|100%| E|CS|TAMS 0x00000000ef700000| PB 0x00000000ef700000| Complete 
| 248|0x00000000ef800000, 0x00000000ef900000, 0x00000000ef900000|100%| E|CS|TAMS 0x00000000ef800000| PB 0x00000000ef800000| Complete 
| 249|0x00000000ef900000, 0x00000000efa00000, 0x00000000efa00000|100%| E|CS|TAMS 0x00000000ef900000| PB 0x00000000ef900000| Complete 
| 250|0x00000000efa00000, 0x00000000efb00000, 0x00000000efb00000|100%| E|CS|TAMS 0x00000000efa00000| PB 0x00000000efa00000| Complete 
| 251|0x00000000efb00000, 0x00000000efc00000, 0x00000000efc00000|100%| E|CS|TAMS 0x00000000efb00000| PB 0x00000000efb00000| Complete 
| 252|0x00000000efc00000, 0x00000000efd00000, 0x00000000efd00000|100%| E|CS|TAMS 0x00000000efc00000| PB 0x00000000efc00000| Complete 
| 253|0x00000000efd00000, 0x00000000efe00000, 0x00000000efe00000|100%| E|CS|TAMS 0x00000000efd00000| PB 0x00000000efd00000| Complete 
| 254|0x00000000efe00000, 0x00000000eff00000, 0x00000000eff00000|100%| E|CS|TAMS 0x00000000efe00000| PB 0x00000000efe00000| Complete 
| 255|0x00000000eff00000, 0x00000000f0000000, 0x00000000f0000000|100%| E|CS|TAMS 0x00000000eff00000| PB 0x00000000eff00000| Complete 

Card table byte_map: [0x0000023ff9490000,0x0000023ff9590000] _byte_map_base: 0x0000023ff8d90000

Marking Bits: (CMBitMap*) 0x0000023ff93f6880
 Bits: [0x0000023ff9590000, 0x0000023ff9d90000)

Polling page: 0x0000023ff7390000

Metaspace:

Usage:
  Non-class:     63.14 MB used.
      Class:     10.08 MB used.
       Both:     73.22 MB used.

Virtual space:
  Non-class space:      128.00 MB reserved,      64.25 MB ( 50%) committed,  2 nodes.
      Class space:      320.00 MB reserved,      11.12 MB (  3%) committed,  1 nodes.
             Both:      448.00 MB reserved,      75.38 MB ( 17%) committed. 

Chunk freelists:
   Non-Class:  15.73 MB
       Class:  4.70 MB
        Both:  20.43 MB

MaxMetaspaceSize: 384.00 MB
CompressedClassSpaceSize: 320.00 MB
Initial GC threshold: 21.00 MB
Current GC threshold: 98.88 MB
CDS: on
 - commit_granule_bytes: 65536.
 - commit_granule_words: 8192.
 - virtual_space_node_default_size: 8388608.
 - enlarge_chunks_in_place: 1.
 - use_allocation_guard: 0.


Internal statistics:

num_allocs_failed_limit: 12.
num_arena_births: 3996.
num_arena_deaths: 0.
num_vsnodes_births: 3.
num_vsnodes_deaths: 0.
num_space_committed: 1206.
num_space_uncommitted: 0.
num_chunks_returned_to_freelist: 12.
num_chunks_taken_from_freelist: 7794.
num_chunk_merges: 12.
num_chunk_splits: 4927.
num_chunks_enlarged: 2885.
num_inconsistent_stats: 0.

CodeHeap 'non-profiled nmethods': size=120000Kb used=6572Kb max_used=6572Kb free=113427Kb
 bounds [0x0000023f8fea0000, 0x0000023f90510000, 0x0000023f973d0000]
CodeHeap 'profiled nmethods': size=120000Kb used=21831Kb max_used=21831Kb free=98168Kb
 bounds [0x0000023f883d0000, 0x0000023f89930000, 0x0000023f8f900000]
CodeHeap 'non-nmethods': size=5760Kb used=3058Kb max_used=3079Kb free=2701Kb
 bounds [0x0000023f8f900000, 0x0000023f8fc10000, 0x0000023f8fea0000]
 total_blobs=11670 nmethods=10754 adapters=820
 compilation: enabled
              stopped_count=0, restarted_count=0
 full_count=0

Compilation events (20 events):
Event: 44.886 Thread 0x0000023ffc3af6d0 nmethod 11484 0x0000023f90508810 code [0x0000023f905089e0, 0x0000023f905092a0]
Event: 44.886 Thread 0x0000023ffc3af6d0 11486       4       com.sun.beans.TypeResolver::resolve (37 bytes)
Event: 44.890 Thread 0x0000023ffc3b2520 11490       3       groovyjarjarasm.asm.MethodWriter::visitInsn (115 bytes)
Event: 44.890 Thread 0x0000023ffc3b2520 nmethod 11490 0x0000023f89917910 code [0x0000023f89917b00, 0x0000023f89917f88]
Event: 44.890 Thread 0x0000023ffc3b2520 11491       3       groovyjarjarasm.asm.Frame::getInputStackSize (6 bytes)
Event: 44.891 Thread 0x0000023ffc3b2520 nmethod 11491 0x0000023f89918110 code [0x0000023f899182a0, 0x0000023f899183b8]
Event: 44.891 Thread 0x0000023ffc3af6d0 nmethod 11486 0x0000023f90509510 code [0x0000023f905096c0, 0x0000023f90509a50]
Event: 44.891 Thread 0x0000023ffc3af6d0 11485       4       java.beans.Introspector::addMethod (196 bytes)
Event: 44.905 Thread 0x0000023ffc3b2520 11492       3       org.gradle.api.internal.file.AbstractFileCollection$1::visitCollection (43 bytes)
Event: 44.905 Thread 0x0000023ffc3b2520 nmethod 11492 0x0000023f89918490 code [0x0000023f89918680, 0x0000023f89918c58]
Event: 44.905 Thread 0x0000023ffc3b2520 11493       3       java.io.File::toString (5 bytes)
Event: 44.905 Thread 0x0000023ffc3b2520 nmethod 11493 0x0000023f89918e10 code [0x0000023f89918fa0, 0x0000023f899190d8]
Event: 44.916 Thread 0x0000023ffc3b2520 11496       3       java.lang.Character::isSpaceChar (5 bytes)
Event: 44.916 Thread 0x0000023ffc3b2520 nmethod 11496 0x0000023f89919190 code [0x0000023f89919360, 0x0000023f89919678]
Event: 44.917 Thread 0x0000023ffc3b2520 11497       3       java.lang.Character::isSpaceChar (19 bytes)
Event: 44.917 Thread 0x0000023ffc3b2520 nmethod 11497 0x0000023f89919790 code [0x0000023f89919960, 0x0000023f89919c10]
Event: 45.354 Thread 0x0000023ffc3b2520 11500       2       org.gradle.internal.logging.text.AbstractLineChoppingStyledTextOutput::doAppend (43 bytes)
Event: 45.354 Thread 0x0000023ffc3b2520 nmethod 11500 0x0000023f89919d10 code [0x0000023f89919ee0, 0x0000023f8991a1d0]
Event: 45.355 Thread 0x0000023ffc3b2520 11501       3       org.gradle.internal.logging.console.StyledTextOutputBackedRenderer$OutputEventTextOutputImpl::doLineText (17 bytes)
Event: 45.356 Thread 0x0000023ffc3b2520 nmethod 11501 0x0000023f8991a390 code [0x0000023f8991a560, 0x0000023f8991a990]

GC Heap History (20 events):
Event: 1.229 GC heap before
{Heap before GC invocations=0 (full 0):
 garbage-first heap   total 262144K, used 12288K [0x00000000e0000000, 0x0000000100000000)
  region size 1024K, 13 young (13312K), 0 survivors (0K)
 Metaspace       used 828K, committed 960K, reserved 393216K
  class space    used 67K, committed 128K, reserved 327680K
}
Event: 1.237 GC heap after
{Heap after GC invocations=1 (full 0):
 garbage-first heap   total 262144K, used 1312K [0x00000000e0000000, 0x0000000100000000)
  region size 1024K, 2 young (2048K), 2 survivors (2048K)
 Metaspace       used 828K, committed 960K, reserved 393216K
  class space    used 67K, committed 128K, reserved 327680K
}
Event: 3.303 GC heap before
{Heap before GC invocations=1 (full 0):
 garbage-first heap   total 262144K, used 28960K [0x00000000e0000000, 0x0000000100000000)
  region size 1024K, 27 young (27648K), 2 survivors (2048K)
 Metaspace       used 3445K, committed 3648K, reserved 393216K
  class space    used 427K, committed 512K, reserved 327680K
}
Event: 3.310 GC heap after
{Heap after GC invocations=2 (full 0):
 garbage-first heap   total 262144K, used 10530K [0x00000000e0000000, 0x0000000100000000)
  region size 1024K, 4 young (4096K), 4 survivors (4096K)
 Metaspace       used 3445K, committed 3648K, reserved 393216K
  class space    used 427K, committed 512K, reserved 327680K
}
Event: 11.009 GC heap before
{Heap before GC invocations=2 (full 0):
 garbage-first heap   total 262144K, used 164130K [0x00000000e0000000, 0x0000000100000000)
  region size 1024K, 153 young (156672K), 4 survivors (4096K)
 Metaspace       used 19765K, committed 20352K, reserved 393216K
  class space    used 2803K, committed 3072K, reserved 327680K
}
Event: 11.029 GC heap after
{Heap after GC invocations=3 (full 0):
 garbage-first heap   total 262144K, used 22818K [0x00000000e0000000, 0x0000000100000000)
  region size 1024K, 15 young (15360K), 15 survivors (15360K)
 Metaspace       used 19765K, committed 20352K, reserved 393216K
  class space    used 2803K, committed 3072K, reserved 327680K
}
Event: 11.383 GC heap before
{Heap before GC invocations=3 (full 0):
 garbage-first heap   total 262144K, used 33058K [0x00000000e0000000, 0x0000000100000000)
  region size 1024K, 26 young (26624K), 15 survivors (15360K)
 Metaspace       used 20917K, committed 21504K, reserved 393216K
  class space    used 3000K, committed 3264K, reserved 327680K
}
Event: 11.398 GC heap after
{Heap after GC invocations=4 (full 0):
 garbage-first heap   total 262144K, used 24541K [0x00000000e0000000, 0x0000000100000000)
  region size 1024K, 2 young (2048K), 2 survivors (2048K)
 Metaspace       used 20917K, committed 21504K, reserved 393216K
  class space    used 3000K, committed 3264K, reserved 327680K
}
Event: 14.926 GC heap before
{Heap before GC invocations=5 (full 0):
 garbage-first heap   total 262144K, used 135133K [0x00000000e0000000, 0x0000000100000000)
  region size 1024K, 107 young (109568K), 2 survivors (2048K)
 Metaspace       used 35016K, committed 36096K, reserved 393216K
  class space    used 4790K, committed 5312K, reserved 327680K
}
Event: 14.940 GC heap after
{Heap after GC invocations=6 (full 0):
 garbage-first heap   total 262144K, used 32716K [0x00000000e0000000, 0x0000000100000000)
  region size 1024K, 10 young (10240K), 10 survivors (10240K)
 Metaspace       used 35016K, committed 36096K, reserved 393216K
  class space    used 4790K, committed 5312K, reserved 327680K
}
Event: 24.227 GC heap before
{Heap before GC invocations=7 (full 0):
 garbage-first heap   total 262144K, used 180172K [0x00000000e0000000, 0x0000000100000000)
  region size 1024K, 153 young (156672K), 10 survivors (10240K)
 Metaspace       used 50580K, committed 52288K, reserved 393216K
  class space    used 7131K, committed 8000K, reserved 327680K
}
Event: 24.253 GC heap after
{Heap after GC invocations=8 (full 0):
 garbage-first heap   total 262144K, used 40948K [0x00000000e0000000, 0x0000000100000000)
  region size 1024K, 18 young (18432K), 18 survivors (18432K)
 Metaspace       used 50580K, committed 52288K, reserved 393216K
  class space    used 7131K, committed 8000K, reserved 327680K
}
Event: 28.971 GC heap before
{Heap before GC invocations=8 (full 0):
 garbage-first heap   total 262144K, used 144372K [0x00000000e0000000, 0x0000000100000000)
  region size 1024K, 121 young (123904K), 18 survivors (18432K)
 Metaspace       used 58337K, committed 60288K, reserved 393216K
  class space    used 8201K, committed 9152K, reserved 327680K
}
Event: 29.005 GC heap after
{Heap after GC invocations=9 (full 0):
 garbage-first heap   total 262144K, used 50605K [0x00000000e0000000, 0x0000000100000000)
  region size 1024K, 19 young (19456K), 19 survivors (19456K)
 Metaspace       used 58337K, committed 60288K, reserved 393216K
  class space    used 8201K, committed 9152K, reserved 327680K
}
Event: 29.185 GC heap before
{Heap before GC invocations=9 (full 0):
 garbage-first heap   total 262144K, used 55725K [0x00000000e0000000, 0x0000000100000000)
  region size 1024K, 25 young (25600K), 19 survivors (19456K)
 Metaspace       used 58685K, committed 60608K, reserved 393216K
  class space    used 8244K, committed 9216K, reserved 327680K
}
Event: 29.211 GC heap after
{Heap after GC invocations=10 (full 0):
 garbage-first heap   total 262144K, used 52224K [0x00000000e0000000, 0x0000000100000000)
  region size 1024K, 11 young (11264K), 11 survivors (11264K)
 Metaspace       used 58685K, committed 60608K, reserved 393216K
  class space    used 8244K, committed 9216K, reserved 327680K
}
Event: 37.855 GC heap before
{Heap before GC invocations=11 (full 0):
 garbage-first heap   total 262144K, used 196608K [0x00000000e0000000, 0x0000000100000000)
  region size 1024K, 153 young (156672K), 11 survivors (11264K)
 Metaspace       used 64062K, committed 66240K, reserved 393216K
  class space    used 8967K, committed 10048K, reserved 327680K
}
Event: 37.888 GC heap after
{Heap after GC invocations=12 (full 0):
 garbage-first heap   total 262144K, used 58368K [0x00000000e0000000, 0x0000000100000000)
  region size 1024K, 17 young (17408K), 17 survivors (17408K)
 Metaspace       used 64062K, committed 66240K, reserved 393216K
  class space    used 8967K, committed 10048K, reserved 327680K
}
Event: 44.509 GC heap before
{Heap before GC invocations=12 (full 0):
 garbage-first heap   total 262144K, used 198656K [0x00000000e0000000, 0x0000000100000000)
  region size 1024K, 153 young (156672K), 17 survivors (17408K)
 Metaspace       used 74223K, committed 76416K, reserved 393216K
  class space    used 10198K, committed 11264K, reserved 327680K
}
Event: 44.562 GC heap after
{Heap after GC invocations=13 (full 0):
 garbage-first heap   total 262144K, used 74593K [0x00000000e0000000, 0x0000000100000000)
  region size 1024K, 20 young (20480K), 20 survivors (20480K)
 Metaspace       used 74223K, committed 76416K, reserved 393216K
  class space    used 10198K, committed 11264K, reserved 327680K
}

Dll operation events (15 events):
Event: 0.038 Loaded shared library C:\Program Files\jdk-21.0.7\bin\java.dll
Event: 0.137 Loaded shared library C:\Program Files\jdk-21.0.7\bin\jsvml.dll
Event: 0.376 Loaded shared library C:\Program Files\jdk-21.0.7\bin\zip.dll
Event: 0.388 Loaded shared library C:\Program Files\jdk-21.0.7\bin\instrument.dll
Event: 0.404 Loaded shared library C:\Program Files\jdk-21.0.7\bin\net.dll
Event: 0.412 Loaded shared library C:\Program Files\jdk-21.0.7\bin\nio.dll
Event: 0.422 Loaded shared library C:\Program Files\jdk-21.0.7\bin\zip.dll
Event: 1.515 Loaded shared library C:\Program Files\jdk-21.0.7\bin\jimage.dll
Event: 2.292 Loaded shared library C:\Program Files\jdk-21.0.7\bin\verify.dll
Event: 2.857 Loaded shared library C:\Users\imamn\.gradle\native\1def1411415f61bf3af743bc5b6707747c0891f09f0c88961ee8f79bc544acac\windows-amd64\native-platform.dll
Event: 2.906 Loaded shared library C:\Users\imamn\.gradle\native\0.2.7\x86_64-windows-gnu\gradle-fileevents.dll
Event: 6.710 Loaded shared library C:\Program Files\jdk-21.0.7\bin\management.dll
Event: 6.718 Loaded shared library C:\Program Files\jdk-21.0.7\bin\management_ext.dll
Event: 7.121 Loaded shared library C:\Program Files\jdk-21.0.7\bin\extnet.dll
Event: 7.849 Loaded shared library C:\Program Files\jdk-21.0.7\bin\sunmscapi.dll

Deoptimization events (20 events):
Event: 44.758 Thread 0x0000023fb329d530 DEOPT PACKING pc=0x0000023f9000f3d8 sp=0x000000749e8f97b0
Event: 44.758 Thread 0x0000023fb329d530 DEOPT UNPACKING pc=0x0000023f8f957da2 sp=0x000000749e8f9700 mode 2
Event: 44.775 Thread 0x0000023fb329d530 Uncommon trap: trap_request=0xffffff45 fr.pc=0x0000023f902b6ae0 relative=0x00000000000002a0
Event: 44.775 Thread 0x0000023fb329d530 Uncommon trap: reason=unstable_if action=reinterpret pc=0x0000023f902b6ae0 method=java.util.concurrent.ConcurrentHashMap.get(Ljava/lang/Object;)Ljava/lang/Object; @ 76 c2
Event: 44.775 Thread 0x0000023fb329d530 DEOPT PACKING pc=0x0000023f902b6ae0 sp=0x000000749e8f9660
Event: 44.775 Thread 0x0000023fb329d530 DEOPT UNPACKING pc=0x0000023f8f957da2 sp=0x000000749e8f95e8 mode 2
Event: 44.781 Thread 0x0000023fb329d530 Uncommon trap: trap_request=0xffffffc6 fr.pc=0x0000023f9028e174 relative=0x0000000000000374
Event: 44.781 Thread 0x0000023fb329d530 Uncommon trap: reason=bimorphic_or_optimized_type_check action=maybe_recompile pc=0x0000023f9028e174 method=java.util.ArrayList$ArrayListSpliterator.tryAdvance(Ljava/util/function/Consumer;)Z @ 48 c2
Event: 44.781 Thread 0x0000023fb329d530 DEOPT PACKING pc=0x0000023f9028e174 sp=0x000000749e8fa7c0
Event: 44.781 Thread 0x0000023fb329d530 DEOPT UNPACKING pc=0x0000023f8f957da2 sp=0x000000749e8fa740 mode 2
Event: 44.781 Thread 0x0000023fb329d530 Uncommon trap: trap_request=0xffffffc6 fr.pc=0x0000023f9028e174 relative=0x0000000000000374
Event: 44.781 Thread 0x0000023fb329d530 Uncommon trap: reason=bimorphic_or_optimized_type_check action=maybe_recompile pc=0x0000023f9028e174 method=java.util.ArrayList$ArrayListSpliterator.tryAdvance(Ljava/util/function/Consumer;)Z @ 48 c2
Event: 44.781 Thread 0x0000023fb329d530 DEOPT PACKING pc=0x0000023f9028e174 sp=0x000000749e8fa7c0
Event: 44.781 Thread 0x0000023fb329d530 DEOPT UNPACKING pc=0x0000023f8f957da2 sp=0x000000749e8fa740 mode 2
Event: 44.781 Thread 0x0000023fb329d530 Uncommon trap: trap_request=0xffffffc6 fr.pc=0x0000023f9028e174 relative=0x0000000000000374
Event: 44.781 Thread 0x0000023fb329d530 Uncommon trap: reason=bimorphic_or_optimized_type_check action=maybe_recompile pc=0x0000023f9028e174 method=java.util.ArrayList$ArrayListSpliterator.tryAdvance(Ljava/util/function/Consumer;)Z @ 48 c2
Event: 44.781 Thread 0x0000023fb329d530 DEOPT PACKING pc=0x0000023f9028e174 sp=0x000000749e8fa7c0
Event: 44.781 Thread 0x0000023fb329d530 DEOPT UNPACKING pc=0x0000023f8f957da2 sp=0x000000749e8fa740 mode 2
Event: 44.836 Thread 0x0000023fb3294e90 DEOPT PACKING pc=0x0000023f898b7901 sp=0x000000749d7fd630
Event: 44.836 Thread 0x0000023fb3294e90 DEOPT UNPACKING pc=0x0000023f8f9588e2 sp=0x000000749d7fcad0 mode 0

Classes loaded (20 events):
Event: 44.155 Loading class sun/nio/ch/ChannelOutputStream
Event: 44.156 Loading class sun/nio/ch/ChannelOutputStream done
Event: 44.201 Loading class java/util/EnumMap$Values
Event: 44.202 Loading class java/util/EnumMap$Values done
Event: 44.202 Loading class java/util/EnumMap$ValueIterator
Event: 44.202 Loading class java/util/EnumMap$EnumMapIterator
Event: 44.203 Loading class java/util/EnumMap$EnumMapIterator done
Event: 44.203 Loading class java/util/EnumMap$ValueIterator done
Event: 44.362 Loading class java/util/PriorityQueue
Event: 44.365 Loading class java/util/PriorityQueue done
Event: 44.687 Loading class java/io/ObjectStreamClass$ExceptionInfo
Event: 44.688 Loading class java/io/ObjectStreamClass$ExceptionInfo done
Event: 44.873 Loading class java/util/CollectionsBeanInfo
Event: 44.873 Loading class java/util/CollectionsBeanInfo done
Event: 44.873 Loading class java/util/CollectionsBeanInfo
Event: 44.873 Loading class java/util/CollectionsBeanInfo done
Event: 44.873 Loading class java/util/CollectionsCustomizer
Event: 44.873 Loading class java/util/CollectionsCustomizer done
Event: 44.874 Loading class java/util/CollectionsCustomizer
Event: 44.874 Loading class java/util/CollectionsCustomizer done

Classes unloaded (0 events):
No events

Classes redefined (0 events):
No events

Internal exceptions (20 events):
Event: 43.986 Thread 0x0000023fb329d530 Exception <a 'sun/nio/fs/WindowsException'{0x00000000e8017c28}> (0x00000000e8017c28) 
thrown [s\open\src\hotspot\share\prims\jni.cpp, line 520]
Event: 43.999 Thread 0x0000023fb329d530 Exception <a 'sun/nio/fs/WindowsException'{0x00000000e8054e68}> (0x00000000e8054e68) 
thrown [s\open\src\hotspot\share\prims\jni.cpp, line 520]
Event: 44.007 Thread 0x0000023fb329d530 Implicit null exception at 0x0000023f8ff4b0b5 to 0x0000023f8ff4cd24
Event: 44.008 Thread 0x0000023fb329d530 Exception <a 'sun/nio/fs/WindowsException'{0x00000000e808ec00}> (0x00000000e808ec00) 
thrown [s\open\src\hotspot\share\prims\jni.cpp, line 520]
Event: 44.014 Thread 0x0000023fb329d530 Exception <a 'sun/nio/fs/WindowsException'{0x00000000e80ae8a8}> (0x00000000e80ae8a8) 
thrown [s\open\src\hotspot\share\prims\jni.cpp, line 520]
Event: 44.055 Thread 0x0000023fb329d530 Exception <a 'sun/nio/fs/WindowsException'{0x00000000e7fb40d0}> (0x00000000e7fb40d0) 
thrown [s\open\src\hotspot\share\prims\jni.cpp, line 520]
Event: 44.142 Thread 0x0000023fb329d530 Exception <a 'sun/nio/fs/WindowsException'{0x00000000e7edb360}> (0x00000000e7edb360) 
thrown [s\open\src\hotspot\share\prims\jni.cpp, line 520]
Event: 44.147 Thread 0x0000023fb329d530 Exception <a 'sun/nio/fs/WindowsException'{0x00000000e7ef48d0}> (0x00000000e7ef48d0) 
thrown [s\open\src\hotspot\share\prims\jni.cpp, line 520]
Event: 44.151 Thread 0x0000023fb329d530 Exception <a 'sun/nio/fs/WindowsException'{0x00000000e7efc1f8}> (0x00000000e7efc1f8) 
thrown [s\open\src\hotspot\share\prims\jni.cpp, line 520]
Event: 44.396 Thread 0x0000023fb329d530 Implicit null exception at 0x0000023f9025940a to 0x0000023f902594ad
Event: 44.671 Thread 0x0000023fb253ead0 Exception <a 'java/lang/NoSuchMethodError'{0x00000000efb133f8}: static Lorg/gradle/internal/build/event/types/DefaultTaskFinishedProgressEvent;.<clinit>()V> (0x00000000efb133f8) 
thrown [s\open\src\hotspot\share\prims\jni.cpp, line 1111]
Event: 44.677 Thread 0x0000023fb253ead0 Exception <a 'java/lang/NoSuchMethodError'{0x00000000efbb7c98}: static Lorg/gradle/internal/build/event/types/DefaultJavaCompileTaskSuccessResult;.<clinit>()V> (0x00000000efbb7c98) 
thrown [s\open\src\hotspot\share\prims\jni.cpp, line 1111]
Event: 44.677 Thread 0x0000023fb253ead0 Exception <a 'java/lang/NoSuchMethodError'{0x00000000efbb94f0}: static Lorg/gradle/internal/build/event/types/DefaultTaskSuccessResult;.<clinit>()V> (0x00000000efbb94f0) 
thrown [s\open\src\hotspot\share\prims\jni.cpp, line 1111]
Event: 44.678 Thread 0x0000023fb253ead0 Exception <a 'java/lang/NoSuchMethodError'{0x00000000efbba6b0}: static Lorg/gradle/internal/build/event/types/AbstractTaskResult;.<clinit>()V> (0x00000000efbba6b0) 
thrown [s\open\src\hotspot\share\prims\jni.cpp, line 1111]
Event: 44.678 Thread 0x0000023fb253ead0 Exception <a 'java/lang/NoSuchMethodError'{0x00000000efbbbc20}: static Lorg/gradle/internal/build/event/types/AbstractResult;.<clinit>()V> (0x00000000efbbbc20) 
thrown [s\open\src\hotspot\share\prims\jni.cpp, line 1111]
Event: 44.680 Thread 0x0000023fb253ead0 Implicit null exception at 0x0000023f90004a4c to 0x0000023f90005004
Event: 44.688 Thread 0x0000023fb253ead0 Exception <a 'java/lang/NoSuchMethodError'{0x00000000efbdb480}: static [Ljava/lang/Object;.<clinit>()V> (0x00000000efbdb480) 
thrown [s\open\src\hotspot\share\prims\jni.cpp, line 1111]
Event: 44.718 Thread 0x0000023fb253ead0 Implicit null exception at 0x0000023f9000383a to 0x0000023f90003874
Event: 44.873 Thread 0x0000023fb329d530 Exception <a 'java/lang/ClassNotFoundException'{0x00000000ef737140}: java/util/CollectionsBeanInfo> (0x00000000ef737140) 
thrown [s\open\src\hotspot\share\classfile\systemDictionary.cpp, line 312]
Event: 44.874 Thread 0x0000023fb329d530 Exception <a 'java/lang/ClassNotFoundException'{0x00000000ef73ca40}: java/util/CollectionsCustomizer> (0x00000000ef73ca40) 
thrown [s\open\src\hotspot\share\classfile\systemDictionary.cpp, line 312]

ZGC Phase Switch (0 events):
No events

VM Operations (20 events):
Event: 41.650 Executing VM operation: Cleanup
Event: 41.650 Executing VM operation: Cleanup done
Event: 41.893 Executing VM operation: HandshakeAllThreads (Deoptimize)
Event: 41.894 Executing VM operation: HandshakeAllThreads (Deoptimize) done
Event: 42.898 Executing VM operation: Cleanup
Event: 42.898 Executing VM operation: Cleanup done
Event: 43.911 Executing VM operation: Cleanup
Event: 43.911 Executing VM operation: Cleanup done
Event: 44.393 Executing VM operation: HandshakeAllThreads (Deoptimize)
Event: 44.393 Executing VM operation: HandshakeAllThreads (Deoptimize) done
Event: 44.509 Executing VM operation: G1CollectForAllocation (G1 Evacuation Pause)
Event: 44.562 Executing VM operation: G1CollectForAllocation (G1 Evacuation Pause) done
Event: 44.641 Executing VM operation: HandshakeAllThreads (Deoptimize)
Event: 44.642 Executing VM operation: HandshakeAllThreads (Deoptimize) done
Event: 44.644 Executing VM operation: HandshakeAllThreads (Deoptimize)
Event: 44.644 Executing VM operation: HandshakeAllThreads (Deoptimize) done
Event: 44.661 Executing VM operation: HandshakeAllThreads (Deoptimize)
Event: 44.662 Executing VM operation: HandshakeAllThreads (Deoptimize) done
Event: 44.792 Executing VM operation: ICBufferFull
Event: 44.792 Executing VM operation: ICBufferFull done

Events (20 events):
Event: 34.652 Thread 0x0000023fb3297fe0 Thread added: 0x0000023fb3297fe0
Event: 34.656 Thread 0x0000023fb329add0 Thread added: 0x0000023fb329add0
Event: 34.656 Thread 0x0000023fb3299390 Thread added: 0x0000023fb3299390
Event: 34.717 Thread 0x0000023fb329b460 Thread added: 0x0000023fb329b460
Event: 34.778 Thread 0x0000023fb329c180 Thread added: 0x0000023fb329c180
Event: 34.779 Thread 0x0000023fb329a740 Thread added: 0x0000023fb329a740
Event: 36.269 Thread 0x0000023fb329f600 Thread added: 0x0000023fb329f600
Event: 36.284 Thread 0x0000023fb329d530 Thread added: 0x0000023fb329d530
Event: 36.284 Thread 0x0000023fb329c810 Thread added: 0x0000023fb329c810
Event: 36.285 Thread 0x0000023fb3298d00 Thread added: 0x0000023fb3298d00
Event: 36.391 Thread 0x0000023fb3298670 Thread added: 0x0000023fb3298670
Event: 37.409 Thread 0x0000023fb329cea0 Thread added: 0x0000023fb329cea0
Event: 37.547 Thread 0x0000023fb3299a20 Thread added: 0x0000023fb3299a20
Event: 37.547 Thread 0x0000023fb329dbc0 Thread added: 0x0000023fb329dbc0
Event: 37.548 Thread 0x0000023fb329a0b0 Thread added: 0x0000023fb329a0b0
Event: 44.911 Thread 0x0000023fb4410f80 Thread added: 0x0000023fb4410f80
Event: 45.035 Thread 0x0000023fb44136e0 Thread added: 0x0000023fb44136e0
Event: 45.036 Thread 0x0000023fb44185a0 Thread added: 0x0000023fb44185a0
Event: 45.036 Thread 0x0000023fb4414400 Thread added: 0x0000023fb4414400
Event: 45.036 Thread 0x0000023fb44157b0 Thread added: 0x0000023fb44157b0


Dynamic libraries:
0x00007ff6d82b0000 - 0x00007ff6d82c0000 	C:\Program Files\jdk-21.0.7\bin\java.exe
0x00007fff6d0f0000 - 0x00007fff6d308000 	C:\WINDOWS\SYSTEM32\ntdll.dll
0x00007fff6af70000 - 0x00007fff6b034000 	C:\WINDOWS\System32\KERNEL32.DLL
0x00007fff6a3a0000 - 0x00007fff6a773000 	C:\WINDOWS\System32\KERNELBASE.dll
0x00007fff6a280000 - 0x00007fff6a391000 	C:\WINDOWS\System32\ucrtbase.dll
0x00007fff4edb0000 - 0x00007fff4edc9000 	C:\Program Files\jdk-21.0.7\bin\jli.dll
0x00007fff6ad90000 - 0x00007fff6ae41000 	C:\WINDOWS\System32\ADVAPI32.dll
0x00007fff6b040000 - 0x00007fff6b0e7000 	C:\WINDOWS\System32\msvcrt.dll
0x00007fff6bb20000 - 0x00007fff6bbc8000 	C:\WINDOWS\System32\sechost.dll
0x00007fff6aa00000 - 0x00007fff6aa28000 	C:\WINDOWS\System32\bcrypt.dll
0x00007fff6ae50000 - 0x00007fff6af68000 	C:\WINDOWS\System32\RPCRT4.dll
0x00007fff6b960000 - 0x00007fff6bb12000 	C:\WINDOWS\System32\USER32.dll
0x00007fff51fd0000 - 0x00007fff51feb000 	C:\Program Files\jdk-21.0.7\bin\VCRUNTIME140.dll
0x00007fff6aa30000 - 0x00007fff6aa56000 	C:\WINDOWS\System32\win32u.dll
0x00007fff6b200000 - 0x00007fff6b229000 	C:\WINDOWS\System32\GDI32.dll
0x00007fff6abd0000 - 0x00007fff6aceb000 	C:\WINDOWS\System32\gdi32full.dll
0x00007fff6acf0000 - 0x00007fff6ad8a000 	C:\WINDOWS\System32\msvcp_win.dll
0x00007fff49bd0000 - 0x00007fff49e6c000 	C:\WINDOWS\WinSxS\amd64_microsoft.windows.common-controls_6595b64144ccf1df_6.0.22621.6060_none_2712eda17382d24b\COMCTL32.dll
0x00007fff5fec0000 - 0x00007fff5feca000 	C:\WINDOWS\SYSTEM32\VERSION.dll
0x00007fff6b230000 - 0x00007fff6b261000 	C:\WINDOWS\System32\IMM32.DLL
0x00007fff612f0000 - 0x00007fff612fc000 	C:\Program Files\jdk-21.0.7\bin\vcruntime140_1.dll
0x00007fff2ba60000 - 0x00007fff2baee000 	C:\Program Files\jdk-21.0.7\bin\msvcp140.dll
0x00007ffefedf0000 - 0x00007ffeffb0a000 	C:\Program Files\jdk-21.0.7\bin\server\jvm.dll
0x00007fff6bd20000 - 0x00007fff6bd91000 	C:\WINDOWS\System32\WS2_32.dll
0x00007fff6a020000 - 0x00007fff6a06d000 	C:\WINDOWS\SYSTEM32\POWRPROF.dll
0x00007fff611f0000 - 0x00007fff61224000 	C:\WINDOWS\SYSTEM32\WINMM.dll
0x00007fff69f00000 - 0x00007fff69f13000 	C:\WINDOWS\SYSTEM32\UMPDC.dll
0x00007fff691a0000 - 0x00007fff691b8000 	C:\WINDOWS\SYSTEM32\kernel.appcore.dll
0x00007fff58420000 - 0x00007fff5842a000 	C:\Program Files\jdk-21.0.7\bin\jimage.dll
0x00007fff67bb0000 - 0x00007fff67de3000 	C:\WINDOWS\SYSTEM32\DBGHELP.DLL
0x00007fff6ca40000 - 0x00007fff6cdd1000 	C:\WINDOWS\System32\combase.dll
0x00007fff6c8a0000 - 0x00007fff6c978000 	C:\WINDOWS\System32\OLEAUT32.dll
0x00007fff49b60000 - 0x00007fff49b92000 	C:\WINDOWS\SYSTEM32\dbgcore.DLL
0x00007fff6a200000 - 0x00007fff6a27b000 	C:\WINDOWS\System32\bcryptPrimitives.dll
0x00007fff4edf0000 - 0x00007fff4edff000 	C:\Program Files\jdk-21.0.7\bin\instrument.dll
0x00007fff48920000 - 0x00007fff4893f000 	C:\Program Files\jdk-21.0.7\bin\java.dll
0x00007fff6be30000 - 0x00007fff6c6cc000 	C:\WINDOWS\System32\SHELL32.dll
0x00007fff6a800000 - 0x00007fff6a93f000 	C:\WINDOWS\System32\wintypes.dll
0x00007fff680b0000 - 0x00007fff689ca000 	C:\WINDOWS\SYSTEM32\windows.storage.dll
0x00007fff6cfa0000 - 0x00007fff6d0a4000 	C:\WINDOWS\System32\SHCORE.dll
0x00007fff6bdc0000 - 0x00007fff6be29000 	C:\WINDOWS\System32\shlwapi.dll
0x00007fff6a130000 - 0x00007fff6a155000 	C:\WINDOWS\SYSTEM32\profapi.dll
0x00007fff0dff0000 - 0x00007fff0e0c7000 	C:\Program Files\jdk-21.0.7\bin\jsvml.dll
0x00007fff48560000 - 0x00007fff48578000 	C:\Program Files\jdk-21.0.7\bin\zip.dll
0x00007fff48d70000 - 0x00007fff48d80000 	C:\Program Files\jdk-21.0.7\bin\net.dll
0x00007fff64380000 - 0x00007fff644ac000 	C:\WINDOWS\SYSTEM32\WINHTTP.dll
0x00007fff69660000 - 0x00007fff696c9000 	C:\WINDOWS\system32\mswsock.dll
0x00007fff484c0000 - 0x00007fff484d6000 	C:\Program Files\jdk-21.0.7\bin\nio.dll
0x00007fff46150000 - 0x00007fff46160000 	C:\Program Files\jdk-21.0.7\bin\verify.dll
0x00007fff36c50000 - 0x00007fff36c77000 	C:\Users\imamn\.gradle\native\1def1411415f61bf3af743bc5b6707747c0891f09f0c88961ee8f79bc544acac\windows-amd64\native-platform.dll
0x00007fff23590000 - 0x00007fff23608000 	C:\Users\imamn\.gradle\native\0.2.7\x86_64-windows-gnu\gradle-fileevents.dll
0x00007fff46110000 - 0x00007fff4611a000 	C:\Program Files\jdk-21.0.7\bin\management.dll
0x00007fff46100000 - 0x00007fff4610b000 	C:\Program Files\jdk-21.0.7\bin\management_ext.dll
0x00007fff6c6d0000 - 0x00007fff6c6d8000 	C:\WINDOWS\System32\PSAPI.DLL
0x00007fff68c20000 - 0x00007fff68c4d000 	C:\WINDOWS\SYSTEM32\IPHLPAPI.DLL
0x00007fff6bd10000 - 0x00007fff6bd19000 	C:\WINDOWS\System32\NSI.dll
0x00007fff44ea0000 - 0x00007fff44ea9000 	C:\Program Files\jdk-21.0.7\bin\extnet.dll
0x00007fff69900000 - 0x00007fff6991b000 	C:\WINDOWS\SYSTEM32\CRYPTSP.dll
0x00007fff69100000 - 0x00007fff69137000 	C:\WINDOWS\system32\rsaenh.dll
0x00007fff69700000 - 0x00007fff69728000 	C:\WINDOWS\SYSTEM32\USERENV.dll
0x00007fff69860000 - 0x00007fff6986c000 	C:\WINDOWS\SYSTEM32\CRYPTBASE.dll
0x00007fff46140000 - 0x00007fff4614e000 	C:\Program Files\jdk-21.0.7\bin\sunmscapi.dll
0x00007fff6aa60000 - 0x00007fff6abc8000 	C:\WINDOWS\System32\CRYPT32.dll
0x00007fff69ad0000 - 0x00007fff69afe000 	C:\WINDOWS\SYSTEM32\ncrypt.dll
0x00007fff69a90000 - 0x00007fff69ac7000 	C:\WINDOWS\SYSTEM32\NTASN1.dll
0x00007fff484a0000 - 0x00007fff484a8000 	C:\WINDOWS\system32\wshunix.dll

dbghelp: loaded successfully - version: 4.0.5 - missing functions: none
symbol engine: initialized successfully - sym options: 0x614 - pdb path: .;C:\Program Files\jdk-21.0.7\bin;C:\WINDOWS\SYSTEM32;C:\WINDOWS\WinSxS\amd64_microsoft.windows.common-controls_6595b64144ccf1df_6.0.22621.6060_none_2712eda17382d24b;C:\Program Files\jdk-21.0.7\bin\server;C:\Users\imamn\.gradle\native\1def1411415f61bf3af743bc5b6707747c0891f09f0c88961ee8f79bc544acac\windows-amd64;C:\Users\imamn\.gradle\native\0.2.7\x86_64-windows-gnu

VM Arguments:
jvm_args: --add-opens=java.base/java.lang=ALL-UNNAMED --add-opens=java.base/java.lang.invoke=ALL-UNNAMED --add-opens=java.base/java.util=ALL-UNNAMED --add-opens=java.prefs/java.util.prefs=ALL-UNNAMED --add-exports=jdk.compiler/com.sun.tools.javac.api=ALL-UNNAMED --add-exports=jdk.compiler/com.sun.tools.javac.util=ALL-UNNAMED --add-opens=java.base/java.util=ALL-UNNAMED --add-opens=java.prefs/java.util.prefs=ALL-UNNAMED --add-opens=java.base/java.nio.charset=ALL-UNNAMED --add-opens=java.base/java.net=ALL-UNNAMED --add-opens=java.base/java.util.concurrent.atomic=ALL-UNNAMED --add-opens=java.xml/javax.xml.namespace=ALL-UNNAMED -XX:MaxMetaspaceSize=384m -XX:+HeapDumpOnOutOfMemoryError -Xms256m -Xmx512m -Dfile.encoding=windows-1252 -Duser.country=IN -Duser.language=en -Duser.variant -javaagent:C:\Users\imamn\.gradle\wrapper\dists\gradle-8.14.3-bin\cv11ve7ro1n3o1j4so8xd9n66\gradle-8.14.3\lib\agents\gradle-instrumentation-agent-8.14.3.jar 
java_command: org.gradle.launcher.daemon.bootstrap.GradleDaemon 8.14.3
java_class_path (initial): C:\Users\imamn\.gradle\wrapper\dists\gradle-8.14.3-bin\cv11ve7ro1n3o1j4so8xd9n66\gradle-8.14.3\lib\gradle-daemon-main-8.14.3.jar
Launcher Type: SUN_STANDARD

[Global flags]
     intx CICompilerCount                          = 3                                         {product} {ergonomic}
   size_t CompressedClassSpaceSize                 = 335544320                                 {product} {ergonomic}
     uint ConcGCThreads                            = 1                                         {product} {ergonomic}
     uint G1ConcRefinementThreads                  = 4                                         {product} {ergonomic}
   size_t G1HeapRegionSize                         = 1048576                                   {product} {ergonomic}
    uintx GCDrainStackTargetSize                   = 64                                        {product} {ergonomic}
     bool HeapDumpOnOutOfMemoryError               = true                                   {manageable} {command line}
   size_t InitialHeapSize                          = 268435456                                 {product} {command line}
   size_t MarkStackSize                            = 4194304                                   {product} {ergonomic}
   size_t MaxHeapSize                              = 536870912                                 {product} {command line}
   size_t MaxMetaspaceSize                         = 402653184                                 {product} {command line}
   size_t MaxNewSize                               = 321912832                                 {product} {ergonomic}
   size_t MinHeapDeltaBytes                        = 1048576                                   {product} {ergonomic}
   size_t MinHeapSize                              = 268435456                                 {product} {command line}
    uintx NonNMethodCodeHeapSize                   = 5832780                                {pd product} {ergonomic}
    uintx NonProfiledCodeHeapSize                  = 122912730                              {pd product} {ergonomic}
    uintx ProfiledCodeHeapSize                     = 122912730                              {pd product} {ergonomic}
    uintx ReservedCodeCacheSize                    = 251658240                              {pd product} {ergonomic}
     bool SegmentedCodeCache                       = true                                      {product} {ergonomic}
   size_t SoftMaxHeapSize                          = 536870912                              {manageable} {ergonomic}
     bool UseCompressedOops                        = true                           {product lp64_product} {ergonomic}
     bool UseG1GC                                  = true                                      {product} {ergonomic}
     bool UseLargePagesIndividualAllocation        = false                                  {pd product} {ergonomic}

Logging:
Log output configuration:
 #0: stdout all=warning uptime,level,tags foldmultilines=false
 #1: stderr all=off uptime,level,tags foldmultilines=false

Environment Variables:
JAVA_HOME=C:\Program Files\jdk-21.0.7
CLASSPATH=D:\WINDOWS.X64_193000_db_home\jdbc\lib\ojdbc8.jar;C:\Program Files\Apache Software Foundation\Tomcat 9.0\lib\servlet-api.jar;.;
PATH=C:\Program Files\MySQL\MySQL Shell 8.0\bin\;D:\gradle-9.0.0-bin\gradle-9.0.0\bin;D:\WINDOWS.X64_193000_db_home\bin;C:\WINDOWS.X64_193000_db_home\WINDOWS.X64_193000_db_home\WINDOWS.X64_193000_db_home\WINDOWS.X64_193000_db_home\bin;C:\WINDOWS.X64_193000_db_home\WINDOWS.X64_193000_db_home\bin;C:\WINDOWS\system32;C:\WINDOWS;C:\WINDOWS\System32\Wbem;C:\WINDOWS\System32\WindowsPowerShell\v1.0\;C:\WINDOWS\System32\OpenSSH\;C:\MinGW\bin;C:\Program Files\Java\jdk-20\bin;C:\Program Files\nodejs\;C:\Program Files\Git\cmd;C:\Program Files\Git\bin;C:\Program Files\Apache Software Foundation\Tomcat 9.0\lib;C:\Program Files\jdk-21.0.7\bin;.;C:\Program Files\MySQL\MySQL Shell 8.0\bin\;C:\Users\imamn\.console-ninja\.bin;C:\python\Scripts\;C:\python\;C:\Users\imamn\OneDrive\Desktop\New folder\Scripts\;C:\Users\imamn\OneDrive\Desktop\New folder\;C:\Users\imamn\AppData\Local\Microsoft\WindowsApps;C:\msys64\mingw64\bin;C:\msys64\mingw64;C:\Users\imamn\AppData\Local\Programs\Microsoft VS Code\bin;C:\MinGW\bin;C:\Users\imamn\AppData\Roaming\npm;C:\Users\imamn\AppData\Local\GitHubDesktop\bin;%IntelliJ IDEA%;C:\Program Files\JetBrains\IntelliJ IDEA Community Edition 2024.1.5\bin;;
USERNAME=imamn
OS=Windows_NT
PROCESSOR_IDENTIFIER=Intel64 Family 6 Model 140 Stepping 1, GenuineIntel
TMP=C:\Users\imamn\AppData\Local\Temp
TEMP=C:\Users\imamn\AppData\Local\Temp




Periodic native trim disabled

---------------  S Y S T E M  ---------------

OS:
 Windows 11 , 64 bit Build 22621 (10.0.22621.5415)
OS uptime: 1 days 6:49 hours
Hyper-V role detected

CPU: total 4 (initial active 4) (2 cores per cpu, 2 threads per core) family 6 model 140 stepping 1 microcode 0xac, cx8, cmov, fxsr, ht, mmx, 3dnowpref, sse, sse2, sse3, ssse3, sse4.1, sse4.2, popcnt, lzcnt, tsc, tscinvbit, avx, avx2, aes, erms, clmul, bmi1, bmi2, adx, avx512f, avx512dq, avx512cd, avx512bw, avx512vl, sha, fma, vzeroupper, avx512_vpopcntdq, avx512_vpclmulqdq, avx512_vaes, avx512_vnni, clflush, clflushopt, clwb, avx512_vbmi2, avx512_vbmi, hv, rdtscp, rdpid, fsrm, gfni, avx512_bitalg, f16c, cet_ibt, cet_ss, avx512_ifma
Processor Information for all 4 processors :
  Max Mhz: 2995, Current Mhz: 2995, Mhz Limit: 2995

Memory: 4k page, system-wide physical 7932M (356M free)
TotalPageFile size 23164M (AvailPageFile size 15M)
current process WorkingSet (physical memory assigned to process): 409M, peak: 422M
current process commit charge ("private bytes"): 534M, peak: 535M

vm_info: Java HotSpot(TM) 64-Bit Server VM (21.0.7+8-LTS-245) for windows-amd64 JRE (21.0.7+8-LTS-245), built on 2025-02-21T05:11:27Z by "mach5one" with MS VC++ 17.6 (VS2022)

END.
